<?xml version="1.0" encoding="UTF-8"?>
<robot generator="Robot 7.2.2 (Python 3.12.8 on darwin)" generated="2025-06-05T12:47:59.083962" rpa="false" schemaversion="5">
<suite id="s1" name="loginTest" source="/Users/ankitbajpai/Documents/NekAutomation/Tests/loginTest.robot">
<test id="s1-t1" name="Validate Homepage components" line="16">
<kw name="Opening In Mobile View" owner="commonKeywords">
<kw name="Evaluate" owner="BuiltIn">
<msg time="2025-06-05T12:47:59.249864" level="INFO">${chrome_options} = &lt;selenium.webdriver.chrome.options.Options object at 0x1033a89e0&gt;</msg>
<var>${chrome_options}</var>
<arg>selenium.webdriver.ChromeOptions()</arg>
<arg>selenium.webdriver</arg>
<doc>Evaluates the given expression in Python and returns the result.</doc>
<status status="PASS" start="2025-06-05T12:47:59.249701" elapsed="0.000182"/>
</kw>
<kw name="Create Dictionary" owner="BuiltIn">
<msg time="2025-06-05T12:47:59.250192" level="INFO">${mobile_emulation} = {'deviceName': 'Pixel 4'}</msg>
<var>${mobile_emulation}</var>
<arg>deviceName=Pixel 4</arg>
<doc>Creates and returns a dictionary based on the given ``items``.</doc>
<status status="PASS" start="2025-06-05T12:47:59.249982" elapsed="0.000224"/>
</kw>
<kw name="Call Method" owner="BuiltIn">
<arg>${chrome_options}</arg>
<arg>add_experimental_option</arg>
<arg>mobileEmulation</arg>
<arg>${mobile_emulation}</arg>
<doc>Calls the named method of the given object with the provided arguments.</doc>
<status status="PASS" start="2025-06-05T12:47:59.250265" elapsed="0.000067"/>
</kw>
<kw name="Open Browser" owner="SeleniumLibrary">
<msg time="2025-06-05T12:47:59.250527" level="INFO">Opening browser 'chrome' to base url 'https://cached-staging.shopnek.com/gold-delivery'.</msg>
<arg>${url}</arg>
<arg>${browser}</arg>
<arg>options=${chrome_options}</arg>
<doc>Opens a new browser instance to the optional ``url``.</doc>
<status status="PASS" start="2025-06-05T12:47:59.250410" elapsed="2.454322"/>
</kw>
<kw name="Maximize Browser Window" owner="SeleniumLibrary">
<doc>Maximizes current browser window.</doc>
<status status="PASS" start="2025-06-05T12:48:01.705132" elapsed="0.132234"/>
</kw>
<kw name="Set Window Size" owner="SeleniumLibrary">
<arg>320</arg>
<arg>900</arg>
<doc>Sets current windows size to given ``width`` and ``height``.</doc>
<status status="PASS" start="2025-06-05T12:48:01.837540" elapsed="0.484652"/>
</kw>
<kw name="Sleep" owner="BuiltIn">
<msg time="2025-06-05T12:48:04.323204" level="INFO">Slept 2 seconds.</msg>
<arg>2s</arg>
<doc>Pauses the test executed for the given time.</doc>
<status status="PASS" start="2025-06-05T12:48:02.322365" elapsed="2.001584"/>
</kw>
<kw name="Execute Javascript" owner="SeleniumLibrary">
<msg time="2025-06-05T12:48:04.326198" level="INFO">Executing JavaScript:
document.body.style.zoom='100%'
Without any arguments.</msg>
<arg>document.body.style.zoom='100%'</arg>
<doc>Executes the given JavaScript code with possible arguments.</doc>
<status status="PASS" start="2025-06-05T12:48:04.324800" elapsed="0.011197"/>
</kw>
<kw name="Sleep" owner="BuiltIn">
<msg time="2025-06-05T12:48:06.338383" level="INFO">Slept 2 seconds.</msg>
<arg>2s</arg>
<doc>Pauses the test executed for the given time.</doc>
<status status="PASS" start="2025-06-05T12:48:04.336255" elapsed="2.002934"/>
</kw>
<kw name="Wait Until Page Contains Element" owner="SeleniumLibrary">
<arg>${nekHomepage}</arg>
<arg>5s</arg>
<doc>Waits until the element ``locator`` appears on the current page.</doc>
<status status="PASS" start="2025-06-05T12:48:06.340587" elapsed="0.022570"/>
</kw>
<kw name="Log To Console" owner="BuiltIn">
<arg>Logo image found</arg>
<doc>Logs the given message to the console.</doc>
<status status="PASS" start="2025-06-05T12:48:06.363518" elapsed="0.000306"/>
</kw>
<status status="PASS" start="2025-06-05T12:47:59.249237" elapsed="7.114714"/>
</kw>
<kw name="Order chains" owner="homepageKeywords">
<kw name="Click Element" owner="SeleniumLibrary">
<msg time="2025-06-05T12:48:06.365225" level="INFO">Clicking element 'xpath = //a[.//img[@alt='cute studs']]'.</msg>
<arg>${earrings}</arg>
<doc>Click the element identified by ``locator``.</doc>
<status status="PASS" start="2025-06-05T12:48:06.364682" elapsed="66.558336"/>
</kw>
<kw name="Sleep" owner="BuiltIn">
<msg time="2025-06-05T12:49:17.923978" level="INFO">Slept 5 seconds.</msg>
<arg>5s</arg>
<doc>Pauses the test executed for the given time.</doc>
<status status="PASS" start="2025-06-05T12:49:12.923159" elapsed="5.001347"/>
</kw>
<status status="PASS" start="2025-06-05T12:48:06.364304" elapsed="71.560647"/>
</kw>
<doc>Test case to verify homepage components</doc>
<status status="PASS" start="2025-06-05T12:47:59.248801" elapsed="78.677062"/>
</test>
<test id="s1-t2" name="PLP Screen Components" line="20">
<kw name="Verify PLP Elements Are Visible" owner="plpKeywords">
<kw name="Create List" owner="BuiltIn">
<msg time="2025-06-05T12:49:17.929890" level="INFO">@{elements_to_verify} = [ //span[contains(text(), 'Price Low to High')] | xpath = //span[normalize-space(text())='Sort'] | xpath = //img[contains(@src, 'sort.webp')] | xpath = //span[normalize-space(text())='Filter'] | xpath...</msg>
<var>@{elements_to_verify}</var>
<arg>${price_low_high}</arg>
<arg>${SORT}</arg>
<arg>${SORT_ICON}</arg>
<arg>${FILTER}</arg>
<arg>${FILTER_ICON}</arg>
<arg>${SEARCH_ICON}</arg>
<arg>${applied_filter_pill}</arg>
<doc>Returns a list containing given items.</doc>
<status status="PASS" start="2025-06-05T12:49:17.929185" elapsed="0.000839"/>
</kw>
<for flavor="IN">
<iter>
<kw name="Wait Until Element Is Visible" owner="SeleniumLibrary">
<arg>${element}</arg>
<arg>timeout=10s</arg>
<doc>Waits until the element ``locator`` is visible.</doc>
<status status="PASS" start="2025-06-05T12:49:17.931002" elapsed="0.024700"/>
</kw>
<var name="${element}">//span[contains(text(), 'Price Low to High')]</var>
<status status="PASS" start="2025-06-05T12:49:17.930684" elapsed="0.025101"/>
</iter>
<iter>
<kw name="Wait Until Element Is Visible" owner="SeleniumLibrary">
<arg>${element}</arg>
<arg>timeout=10s</arg>
<doc>Waits until the element ``locator`` is visible.</doc>
<status status="PASS" start="2025-06-05T12:49:17.956055" elapsed="0.012327"/>
</kw>
<var name="${element}">xpath = //span[normalize-space(text())='Sort']</var>
<status status="PASS" start="2025-06-05T12:49:17.955917" elapsed="0.012534"/>
</iter>
<iter>
<kw name="Wait Until Element Is Visible" owner="SeleniumLibrary">
<arg>${element}</arg>
<arg>timeout=10s</arg>
<doc>Waits until the element ``locator`` is visible.</doc>
<status status="PASS" start="2025-06-05T12:49:17.968674" elapsed="0.010265"/>
</kw>
<var name="${element}">xpath = //img[contains(@src, 'sort.webp')]</var>
<status status="PASS" start="2025-06-05T12:49:17.968556" elapsed="0.010429"/>
</iter>
<iter>
<kw name="Wait Until Element Is Visible" owner="SeleniumLibrary">
<arg>${element}</arg>
<arg>timeout=10s</arg>
<doc>Waits until the element ``locator`` is visible.</doc>
<status status="PASS" start="2025-06-05T12:49:17.979144" elapsed="0.008729"/>
</kw>
<var name="${element}">xpath = //span[normalize-space(text())='Filter']</var>
<status status="PASS" start="2025-06-05T12:49:17.979058" elapsed="0.008854"/>
</iter>
<iter>
<kw name="Wait Until Element Is Visible" owner="SeleniumLibrary">
<arg>${element}</arg>
<arg>timeout=10s</arg>
<doc>Waits until the element ``locator`` is visible.</doc>
<status status="PASS" start="2025-06-05T12:49:17.988053" elapsed="0.008359"/>
</kw>
<var name="${element}">xpath = //img[contains(@src, 'filter.webp')]</var>
<status status="PASS" start="2025-06-05T12:49:17.987976" elapsed="0.008475"/>
</iter>
<iter>
<kw name="Wait Until Element Is Visible" owner="SeleniumLibrary">
<arg>${element}</arg>
<arg>timeout=10s</arg>
<doc>Waits until the element ``locator`` is visible.</doc>
<status status="PASS" start="2025-06-05T12:49:17.996586" elapsed="0.007596"/>
</kw>
<var name="${element}">xpath = (//img[@alt='search'])[1]</var>
<status status="PASS" start="2025-06-05T12:49:17.996513" elapsed="0.007704"/>
</iter>
<iter>
<kw name="Wait Until Element Is Visible" owner="SeleniumLibrary">
<arg>${element}</arg>
<arg>timeout=10s</arg>
<doc>Waits until the element ``locator`` is visible.</doc>
<status status="PASS" start="2025-06-05T12:49:18.004342" elapsed="0.007250"/>
</kw>
<var name="${element}">//a[span[contains(text(), 'Chains')]]</var>
<status status="PASS" start="2025-06-05T12:49:18.004273" elapsed="0.008770"/>
</iter>
<var>${element}</var>
<value>@{elements_to_verify}</value>
<status status="PASS" start="2025-06-05T12:49:17.930265" elapsed="0.082804"/>
</for>
<doc>Verifies that all key elements on the PLP screen are visible.</doc>
<status status="PASS" start="2025-06-05T12:49:17.928542" elapsed="0.084572"/>
</kw>
<kw name="Actions in PLP Screen" owner="plpKeywords">
<kw name="Click And Wait" owner="plpKeywords">
<kw name="Scroll Element Into View" owner="SeleniumLibrary">
<arg>${click_element}</arg>
<doc>Scrolls the element identified by ``locator`` into view.</doc>
<status status="PASS" start="2025-06-05T12:49:18.013519" elapsed="0.309295"/>
</kw>
<kw name="Wait Until Element Is Enabled" owner="SeleniumLibrary">
<arg>${click_element}</arg>
<arg>timeout=10s</arg>
<doc>Waits until the element ``locator`` is enabled.</doc>
<status status="PASS" start="2025-06-05T12:49:18.324226" elapsed="0.028177"/>
</kw>
<kw name="Run Keyword And Ignore Error" owner="BuiltIn">
<kw name="Click Element" owner="SeleniumLibrary">
<msg time="2025-06-05T12:49:18.353171" level="INFO">Clicking element 'xpath = (//img[@alt='search'])[1]'.</msg>
<arg>${click_element}</arg>
<doc>Click the element identified by ``locator``.</doc>
<status status="PASS" start="2025-06-05T12:49:18.352962" elapsed="0.099504"/>
</kw>
<msg time="2025-06-05T12:49:18.452601" level="INFO">${status} = PASS</msg>
<msg time="2025-06-05T12:49:18.452694" level="INFO">${message} = None</msg>
<var>${status}</var>
<var>${message}</var>
<arg>Click Element</arg>
<arg>${click_element}</arg>
<doc>Runs the given keyword with the given arguments and ignores possible error.</doc>
<status status="PASS" start="2025-06-05T12:49:18.352704" elapsed="0.100017"/>
</kw>
<kw name="Run Keyword If" owner="BuiltIn">
<arg>'${status}' == 'FAIL'</arg>
<arg>Execute JavaScript</arg>
<arg>arguments[0].click();</arg>
<arg>${click_element}</arg>
<doc>Runs the given keyword with the given arguments, if ``condition`` is true.</doc>
<status status="PASS" start="2025-06-05T12:49:18.452864" elapsed="0.000220"/>
</kw>
<kw name="Wait Until Element Is Visible" owner="SeleniumLibrary">
<arg>${wait_element}</arg>
<arg>timeout=10s</arg>
<doc>Waits until the element ``locator`` is visible.</doc>
<status status="PASS" start="2025-06-05T12:49:18.453181" elapsed="0.425342"/>
</kw>
<arg>${SEARCH_ICON}</arg>
<arg>${BACK_ARROW}</arg>
<status status="PASS" start="2025-06-05T12:49:18.013386" elapsed="0.865221"/>
</kw>
<kw name="Click And Wait" owner="plpKeywords">
<kw name="Scroll Element Into View" owner="SeleniumLibrary">
<arg>${click_element}</arg>
<doc>Scrolls the element identified by ``locator`` into view.</doc>
<status status="PASS" start="2025-06-05T12:49:18.879030" elapsed="0.311838"/>
</kw>
<kw name="Wait Until Element Is Enabled" owner="SeleniumLibrary">
<arg>${click_element}</arg>
<arg>timeout=10s</arg>
<doc>Waits until the element ``locator`` is enabled.</doc>
<status status="PASS" start="2025-06-05T12:49:19.191229" elapsed="0.019365"/>
</kw>
<kw name="Run Keyword And Ignore Error" owner="BuiltIn">
<kw name="Click Element" owner="SeleniumLibrary">
<msg time="2025-06-05T12:49:19.211346" level="INFO">Clicking element 'xpath = //img[@alt='icon' and contains(@src, 'left-black')]'.</msg>
<arg>${click_element}</arg>
<doc>Click the element identified by ``locator``.</doc>
<status status="PASS" start="2025-06-05T12:49:19.211126" elapsed="0.106253"/>
</kw>
<msg time="2025-06-05T12:49:19.317488" level="INFO">${status} = PASS</msg>
<msg time="2025-06-05T12:49:19.317517" level="INFO">${message} = None</msg>
<var>${status}</var>
<var>${message}</var>
<arg>Click Element</arg>
<arg>${click_element}</arg>
<doc>Runs the given keyword with the given arguments and ignores possible error.</doc>
<status status="PASS" start="2025-06-05T12:49:19.210913" elapsed="0.106616"/>
</kw>
<kw name="Run Keyword If" owner="BuiltIn">
<arg>'${status}' == 'FAIL'</arg>
<arg>Execute JavaScript</arg>
<arg>arguments[0].click();</arg>
<arg>${click_element}</arg>
<doc>Runs the given keyword with the given arguments, if ``condition`` is true.</doc>
<status status="PASS" start="2025-06-05T12:49:19.317655" elapsed="0.000129"/>
</kw>
<kw name="Wait Until Element Is Visible" owner="SeleniumLibrary">
<arg>${wait_element}</arg>
<arg>timeout=10s</arg>
<doc>Waits until the element ``locator`` is visible.</doc>
<status status="PASS" start="2025-06-05T12:49:19.317869" elapsed="0.008445"/>
</kw>
<arg>${BACK_ARROW}</arg>
<arg>${SORT}</arg>
<status status="PASS" start="2025-06-05T12:49:18.878767" elapsed="0.447632"/>
</kw>
<kw name="Click And Wait" owner="plpKeywords">
<kw name="Scroll Element Into View" owner="SeleniumLibrary">
<arg>${click_element}</arg>
<doc>Scrolls the element identified by ``locator`` into view.</doc>
<status status="PASS" start="2025-06-05T12:49:19.326763" elapsed="0.305830"/>
</kw>
<kw name="Wait Until Element Is Enabled" owner="SeleniumLibrary">
<arg>${click_element}</arg>
<arg>timeout=10s</arg>
<doc>Waits until the element ``locator`` is enabled.</doc>
<status status="PASS" start="2025-06-05T12:49:19.632984" elapsed="0.017059"/>
</kw>
<kw name="Run Keyword And Ignore Error" owner="BuiltIn">
<kw name="Click Element" owner="SeleniumLibrary">
<msg time="2025-06-05T12:49:19.650625" level="INFO">Clicking element 'xpath = //span[normalize-space(text())='Sort']'.</msg>
<arg>${click_element}</arg>
<doc>Click the element identified by ``locator``.</doc>
<status status="PASS" start="2025-06-05T12:49:19.650453" elapsed="0.097360"/>
</kw>
<msg time="2025-06-05T12:49:19.747922" level="INFO">${status} = PASS</msg>
<msg time="2025-06-05T12:49:19.747951" level="INFO">${message} = None</msg>
<var>${status}</var>
<var>${message}</var>
<arg>Click Element</arg>
<arg>${click_element}</arg>
<doc>Runs the given keyword with the given arguments and ignores possible error.</doc>
<status status="PASS" start="2025-06-05T12:49:19.650271" elapsed="0.097694"/>
</kw>
<kw name="Run Keyword If" owner="BuiltIn">
<arg>'${status}' == 'FAIL'</arg>
<arg>Execute JavaScript</arg>
<arg>arguments[0].click();</arg>
<arg>${click_element}</arg>
<doc>Runs the given keyword with the given arguments, if ``condition`` is true.</doc>
<status status="PASS" start="2025-06-05T12:49:19.748099" elapsed="0.000135"/>
</kw>
<kw name="Wait Until Element Is Visible" owner="SeleniumLibrary">
<arg>${wait_element}</arg>
<arg>timeout=10s</arg>
<doc>Waits until the element ``locator`` is visible.</doc>
<status status="PASS" start="2025-06-05T12:49:19.748326" elapsed="0.430128"/>
</kw>
<arg>${SORT}</arg>
<arg>${crossIcon}</arg>
<status status="PASS" start="2025-06-05T12:49:19.326533" elapsed="0.852005"/>
</kw>
<kw name="Click And Wait" owner="plpKeywords">
<kw name="Scroll Element Into View" owner="SeleniumLibrary">
<arg>${click_element}</arg>
<doc>Scrolls the element identified by ``locator`` into view.</doc>
<status status="PASS" start="2025-06-05T12:49:20.178924" elapsed="0.303955"/>
</kw>
<kw name="Wait Until Element Is Enabled" owner="SeleniumLibrary">
<arg>${click_element}</arg>
<arg>timeout=10s</arg>
<doc>Waits until the element ``locator`` is enabled.</doc>
<status status="PASS" start="2025-06-05T12:49:20.483261" elapsed="0.020193"/>
</kw>
<kw name="Run Keyword And Ignore Error" owner="BuiltIn">
<kw name="Click Element" owner="SeleniumLibrary">
<msg time="2025-06-05T12:49:20.504080" level="INFO">Clicking element 'xpath = //img[@alt='close' and contains(@src, 'close.webp')]'.</msg>
<arg>${click_element}</arg>
<doc>Click the element identified by ``locator``.</doc>
<status status="PASS" start="2025-06-05T12:49:20.503891" elapsed="0.089179"/>
</kw>
<msg time="2025-06-05T12:49:20.593193" level="INFO">${status} = PASS</msg>
<msg time="2025-06-05T12:49:20.593225" level="INFO">${message} = None</msg>
<var>${status}</var>
<var>${message}</var>
<arg>Click Element</arg>
<arg>${click_element}</arg>
<doc>Runs the given keyword with the given arguments and ignores possible error.</doc>
<status status="PASS" start="2025-06-05T12:49:20.503694" elapsed="0.089547"/>
</kw>
<kw name="Run Keyword If" owner="BuiltIn">
<arg>'${status}' == 'FAIL'</arg>
<arg>Execute JavaScript</arg>
<arg>arguments[0].click();</arg>
<arg>${click_element}</arg>
<doc>Runs the given keyword with the given arguments, if ``condition`` is true.</doc>
<status status="PASS" start="2025-06-05T12:49:20.593467" elapsed="0.000151"/>
</kw>
<kw name="Wait Until Element Is Visible" owner="SeleniumLibrary">
<arg>${wait_element}</arg>
<arg>timeout=10s</arg>
<doc>Waits until the element ``locator`` is visible.</doc>
<status status="PASS" start="2025-06-05T12:49:20.593719" elapsed="0.009181"/>
</kw>
<arg>${crossIcon}</arg>
<arg>${FILTER}</arg>
<status status="PASS" start="2025-06-05T12:49:20.178688" elapsed="0.424290"/>
</kw>
<kw name="Click And Wait" owner="plpKeywords">
<kw name="Scroll Element Into View" owner="SeleniumLibrary">
<arg>${click_element}</arg>
<doc>Scrolls the element identified by ``locator`` into view.</doc>
<status status="PASS" start="2025-06-05T12:49:20.603432" elapsed="0.305565"/>
</kw>
<kw name="Wait Until Element Is Enabled" owner="SeleniumLibrary">
<arg>${click_element}</arg>
<arg>timeout=10s</arg>
<doc>Waits until the element ``locator`` is enabled.</doc>
<status status="PASS" start="2025-06-05T12:49:20.909397" elapsed="0.018670"/>
</kw>
<kw name="Run Keyword And Ignore Error" owner="BuiltIn">
<kw name="Click Element" owner="SeleniumLibrary">
<msg time="2025-06-05T12:49:20.928781" level="INFO">Clicking element 'xpath = //span[normalize-space(text())='Filter']'.</msg>
<arg>${click_element}</arg>
<doc>Click the element identified by ``locator``.</doc>
<status status="PASS" start="2025-06-05T12:49:20.928571" elapsed="0.092150"/>
</kw>
<msg time="2025-06-05T12:49:21.020818" level="INFO">${status} = PASS</msg>
<msg time="2025-06-05T12:49:21.020846" level="INFO">${message} = None</msg>
<var>${status}</var>
<var>${message}</var>
<arg>Click Element</arg>
<arg>${click_element}</arg>
<doc>Runs the given keyword with the given arguments and ignores possible error.</doc>
<status status="PASS" start="2025-06-05T12:49:20.928349" elapsed="0.092509"/>
</kw>
<kw name="Run Keyword If" owner="BuiltIn">
<arg>'${status}' == 'FAIL'</arg>
<arg>Execute JavaScript</arg>
<arg>arguments[0].click();</arg>
<arg>${click_element}</arg>
<doc>Runs the given keyword with the given arguments, if ``condition`` is true.</doc>
<status status="PASS" start="2025-06-05T12:49:21.020973" elapsed="0.000136"/>
</kw>
<kw name="Wait Until Element Is Visible" owner="SeleniumLibrary">
<arg>${wait_element}</arg>
<arg>timeout=10s</arg>
<doc>Waits until the element ``locator`` is visible.</doc>
<status status="PASS" start="2025-06-05T12:49:21.021196" elapsed="0.223908"/>
</kw>
<arg>${FILTER}</arg>
<arg>${crossIcon}</arg>
<status status="PASS" start="2025-06-05T12:49:20.603118" elapsed="0.642098"/>
</kw>
<kw name="Click Element" owner="SeleniumLibrary">
<msg time="2025-06-05T12:49:21.245570" level="INFO">Clicking element 'xpath = //img[@alt='close' and contains(@src, 'close.webp')]'.</msg>
<arg>${crossIcon}</arg>
<doc>Click the element identified by ``locator``.</doc>
<status status="PASS" start="2025-06-05T12:49:21.245371" elapsed="0.090100"/>
</kw>
<doc>Test case to verify actions in PLP screen</doc>
<status status="PASS" start="2025-06-05T12:49:18.013244" elapsed="3.322316"/>
</kw>
<status status="PASS" start="2025-06-05T12:49:17.926901" elapsed="3.408795"/>
</test>
<test id="s1-t3" name="PDP Screen Components" line="23">
<kw name="Elements in PDP Screen" owner="pdpKeywords">
<kw name="Go To" owner="SeleniumLibrary">
<msg time="2025-06-05T12:49:21.336427" level="INFO">Opening url 'https://cached-staging.shopnek.com/products/square-chain-18-inches'</msg>
<arg>${productURL}</arg>
<doc>Navigates the current browser window to the provided ``url``.</doc>
<status status="PASS" start="2025-06-05T12:49:21.336330" elapsed="0.333775"/>
</kw>
<kw name="Reload Page" owner="SeleniumLibrary">
<doc>Simulates user reloading page.</doc>
<status status="PASS" start="2025-06-05T12:49:21.670248" elapsed="0.447767"/>
</kw>
<kw name="Wait Until Page Contains Element" owner="SeleniumLibrary">
<arg>${share_icon}</arg>
<arg>timeout=10s</arg>
<doc>Waits until the element ``locator`` appears on the current page.</doc>
<status status="PASS" start="2025-06-05T12:49:22.118245" elapsed="0.006915"/>
</kw>
<kw name="Create List" owner="BuiltIn">
<msg time="2025-06-05T12:49:22.125383" level="INFO">@{initial_elements} = [ //a[contains(@href, 'api.whatsapp.com/send')]//img[@alt='share'] | //img[@alt='similar-products'] ]</msg>
<var>@{initial_elements}</var>
<arg>${share_icon}</arg>
<arg>${similar_product}</arg>
<doc>Returns a list containing given items.</doc>
<status status="PASS" start="2025-06-05T12:49:22.125273" elapsed="0.000126"/>
</kw>
<kw name="Verify Elements Visible From List" owner="pdpKeywords">
<for flavor="IN">
<iter>
<kw name="Wait Until Element Is Visible" owner="SeleniumLibrary">
<arg>${element}</arg>
<arg>timeout=10s</arg>
<doc>Waits until the element ``locator`` is visible.</doc>
<status status="PASS" start="2025-06-05T12:49:22.125765" elapsed="0.009598"/>
</kw>
<var name="${element}">//a[contains(@href, 'api.whatsapp.com/send')]//img[@alt='share']</var>
<status status="PASS" start="2025-06-05T12:49:22.125706" elapsed="0.009707"/>
</iter>
<iter>
<kw name="Wait Until Element Is Visible" owner="SeleniumLibrary">
<arg>${element}</arg>
<arg>timeout=10s</arg>
<doc>Waits until the element ``locator`` is visible.</doc>
<status status="PASS" start="2025-06-05T12:49:22.135560" elapsed="0.009744"/>
</kw>
<var name="${element}">//img[@alt='similar-products']</var>
<status status="PASS" start="2025-06-05T12:49:22.135481" elapsed="0.009875"/>
</iter>
<var>${element}</var>
<value>@{elements}</value>
<status status="PASS" start="2025-06-05T12:49:22.125645" elapsed="0.019739"/>
</for>
<arg>@{initial_elements}</arg>
<status status="PASS" start="2025-06-05T12:49:22.125531" elapsed="0.019898"/>
</kw>
<kw name="Scroll Element Into View" owner="SeleniumLibrary">
<arg>${product_image}</arg>
<doc>Scrolls the element identified by ``locator`` into view.</doc>
<status status="PASS" start="2025-06-05T12:49:22.145523" elapsed="0.308683"/>
</kw>
<kw name="Wait Until Element Is Enabled" owner="SeleniumLibrary">
<arg>${product_image}</arg>
<arg>timeout=10s</arg>
<doc>Waits until the element ``locator`` is enabled.</doc>
<status status="PASS" start="2025-06-05T12:49:22.454412" elapsed="0.015324"/>
</kw>
<kw name="Click Element" owner="SeleniumLibrary">
<msg time="2025-06-05T12:49:22.470085" level="INFO">Clicking element '//div[contains(@class, 'aspect-square')]//img[contains(@class, 'object-contain')]'.</msg>
<arg>${product_image}</arg>
<doc>Click the element identified by ``locator``.</doc>
<status status="PASS" start="2025-06-05T12:49:22.469917" elapsed="0.132615"/>
</kw>
<kw name="Wait Until Element Is Visible" owner="SeleniumLibrary">
<arg>${crossIcon_pdp}</arg>
<arg>timeout=10s</arg>
<doc>Waits until the element ``locator`` is visible.</doc>
<status status="PASS" start="2025-06-05T12:49:22.602680" elapsed="0.223797"/>
</kw>
<kw name="Click Element" owner="SeleniumLibrary">
<msg time="2025-06-05T12:49:22.826755" level="INFO">Clicking element '//div[contains(@class, 'justify-end') and contains(@class, 'items-end')]//img[@alt='close']'.</msg>
<arg>${crossIcon_pdp}</arg>
<doc>Click the element identified by ``locator``.</doc>
<status status="PASS" start="2025-06-05T12:49:22.826619" elapsed="0.125925"/>
</kw>
<kw name="Create List" owner="BuiltIn">
<msg time="2025-06-05T12:49:22.952834" level="INFO">@{product_details} = [ //span[contains(@class, 'text-base') and contains(@class, 'leading-5')] | //span[contains(@class, 'line-through') and contains(@class, 'text-[20px]')] | //span[contains(@class, 'line-through')]/foll...</msg>
<var>@{product_details}</var>
<arg>${product_name}</arg>
<arg>${original_price}</arg>
<arg>${discounted_price}</arg>
<arg>${discounted_percentage}</arg>
<doc>Returns a list containing given items.</doc>
<status status="PASS" start="2025-06-05T12:49:22.952684" elapsed="0.000166"/>
</kw>
<kw name="Verify Elements Visible From List" owner="pdpKeywords">
<for flavor="IN">
<iter>
<kw name="Wait Until Element Is Visible" owner="SeleniumLibrary">
<arg>${element}</arg>
<arg>timeout=10s</arg>
<doc>Waits until the element ``locator`` is visible.</doc>
<status status="PASS" start="2025-06-05T12:49:22.953318" elapsed="0.014199"/>
</kw>
<var name="${element}">//span[contains(@class, 'text-base') and contains(@class, 'leading-5')]</var>
<status status="PASS" start="2025-06-05T12:49:22.953256" elapsed="0.014316"/>
</iter>
<iter>
<kw name="Wait Until Element Is Visible" owner="SeleniumLibrary">
<arg>${element}</arg>
<arg>timeout=10s</arg>
<doc>Waits until the element ``locator`` is visible.</doc>
<status status="PASS" start="2025-06-05T12:49:22.967744" elapsed="0.011678"/>
</kw>
<var name="${element}">//span[contains(@class, 'line-through') and contains(@class, 'text-[20px]')]</var>
<status status="PASS" start="2025-06-05T12:49:22.967651" elapsed="0.011830"/>
</iter>
<iter>
<kw name="Wait Until Element Is Visible" owner="SeleniumLibrary">
<arg>${element}</arg>
<arg>timeout=10s</arg>
<doc>Waits until the element ``locator`` is visible.</doc>
<status status="PASS" start="2025-06-05T12:49:22.979659" elapsed="0.009545"/>
</kw>
<var name="${element}">//span[contains(@class, 'line-through')]/following-sibling::span[contains(@class, 'font-bold')]</var>
<status status="PASS" start="2025-06-05T12:49:22.979562" elapsed="0.009693"/>
</iter>
<iter>
<kw name="Wait Until Element Is Visible" owner="SeleniumLibrary">
<arg>${element}</arg>
<arg>timeout=10s</arg>
<doc>Waits until the element ``locator`` is visible.</doc>
<status status="PASS" start="2025-06-05T12:49:22.989420" elapsed="0.011288"/>
</kw>
<var name="${element}">(//span[contains(text(), '% OFF') or contains(text(), 'OFF')])[1]</var>
<status status="PASS" start="2025-06-05T12:49:22.989329" elapsed="0.011430"/>
</iter>
<var>${element}</var>
<value>@{elements}</value>
<status status="PASS" start="2025-06-05T12:49:22.953196" elapsed="0.047619"/>
</for>
<arg>@{product_details}</arg>
<status status="PASS" start="2025-06-05T12:49:22.952960" elapsed="0.047898"/>
</kw>
<kw name="Handle Offer Pop Up If Present" owner="pdpKeywords">
<kw name="Run Keyword And Return Status" owner="BuiltIn">
<kw name="Wait Until Element Is Visible" owner="SeleniumLibrary">
<arg>${closeOfferPopup}</arg>
<arg>timeout=5s</arg>
<doc>Waits until the element ``locator`` is visible.</doc>
<status status="PASS" start="2025-06-05T12:49:23.001215" elapsed="0.009913"/>
</kw>
<msg time="2025-06-05T12:49:23.011218" level="INFO">${popupVisible} = True</msg>
<var>${popupVisible}</var>
<arg>Wait Until Element Is Visible</arg>
<arg>${closeOfferPopup}</arg>
<arg>timeout=5s</arg>
<doc>Runs the given keyword with given arguments and returns the status as a Boolean value.</doc>
<status status="PASS" start="2025-06-05T12:49:23.001129" elapsed="0.010104"/>
</kw>
<kw name="Run Keyword If" owner="BuiltIn">
<kw name="Offer Pop Up for guest User" owner="pdpKeywords">
<kw name="Element Should Be Visible" owner="SeleniumLibrary">
<msg time="2025-06-05T12:49:23.021735" level="INFO">Element '//span[text()='Special Offer Unlocked!']' is displayed.</msg>
<arg>${specialOfferUnlocked}</arg>
<doc>Verifies that the element identified by ``locator`` is visible.</doc>
<status status="PASS" start="2025-06-05T12:49:23.011620" elapsed="0.010173"/>
</kw>
<kw name="Element Should Be Visible" owner="SeleniumLibrary">
<msg time="2025-06-05T12:49:23.029906" level="INFO">Element '//div[@role='button' and @aria-label='Close']' is displayed.</msg>
<arg>${closeOfferPopup}</arg>
<doc>Verifies that the element identified by ``locator`` is visible.</doc>
<status status="PASS" start="2025-06-05T12:49:23.021912" elapsed="0.008051"/>
</kw>
<kw name="Click Element" owner="SeleniumLibrary">
<msg time="2025-06-05T12:49:23.030199" level="INFO">Clicking element '//div[@role='button' and @aria-label='Close']'.</msg>
<arg>${closeOfferPopup}</arg>
<doc>Click the element identified by ``locator``.</doc>
<status status="PASS" start="2025-06-05T12:49:23.030080" elapsed="0.113984"/>
</kw>
<kw name="Sleep" owner="BuiltIn">
<msg time="2025-06-05T12:49:25.145747" level="INFO">Slept 2 seconds.</msg>
<arg>2s</arg>
<doc>Pauses the test executed for the given time.</doc>
<status status="PASS" start="2025-06-05T12:49:23.144202" elapsed="2.001721"/>
</kw>
<status status="PASS" start="2025-06-05T12:49:23.011479" elapsed="2.134577"/>
</kw>
<arg>${popupVisible}</arg>
<arg>Offer Pop Up for guest User</arg>
<doc>Runs the given keyword with the given arguments, if ``condition`` is true.</doc>
<status status="PASS" start="2025-06-05T12:49:23.011343" elapsed="2.134761"/>
</kw>
<status status="PASS" start="2025-06-05T12:49:23.000969" elapsed="2.145180"/>
</kw>
<kw name="Offer Pop Up for guest User" owner="pdpKeywords">
<kw name="Element Should Be Visible" owner="SeleniumLibrary">
<msg time="2025-06-05T12:49:25.162133" level="INFO">Element '//span[text()='Special Offer Unlocked!']' is displayed.</msg>
<arg>${specialOfferUnlocked}</arg>
<doc>Verifies that the element identified by ``locator`` is visible.</doc>
<status status="PASS" start="2025-06-05T12:49:25.146996" elapsed="0.015205"/>
</kw>
<kw name="Element Should Be Visible" owner="SeleniumLibrary">
<msg time="2025-06-05T12:49:25.170545" level="INFO">Element '//div[@role='button' and @aria-label='Close']' is displayed.</msg>
<arg>${closeOfferPopup}</arg>
<doc>Verifies that the element identified by ``locator`` is visible.</doc>
<status status="PASS" start="2025-06-05T12:49:25.162347" elapsed="0.008290"/>
</kw>
<kw name="Click Element" owner="SeleniumLibrary">
<msg time="2025-06-05T12:49:25.170902" level="INFO">Clicking element '//div[@role='button' and @aria-label='Close']'.</msg>
<arg>${closeOfferPopup}</arg>
<doc>Click the element identified by ``locator``.</doc>
<status status="PASS" start="2025-06-05T12:49:25.170766" elapsed="0.089643"/>
</kw>
<kw name="Sleep" owner="BuiltIn">
<msg time="2025-06-05T12:49:27.261326" level="INFO">Slept 2 seconds.</msg>
<arg>2s</arg>
<doc>Pauses the test executed for the given time.</doc>
<status status="PASS" start="2025-06-05T12:49:25.260551" elapsed="2.000995"/>
</kw>
<status status="PASS" start="2025-06-05T12:49:25.146545" elapsed="2.115188"/>
</kw>
<kw name="Scroll Until Element Visible And Click" owner="commonKeywords">
<for flavor="IN RANGE">
<iter>
<kw name="Run Keyword And Return Status" owner="BuiltIn">
<kw name="Element Should Be Visible" owner="SeleniumLibrary">
<msg time="2025-06-05T12:49:27.279783" level="INFO">Element '//img[@alt='similar-products']' is displayed.</msg>
<arg>${element}</arg>
<doc>Verifies that the element identified by ``locator`` is visible.</doc>
<status status="PASS" start="2025-06-05T12:49:27.263464" elapsed="0.016411"/>
</kw>
<msg time="2025-06-05T12:49:27.280000" level="INFO">${isVisible} = True</msg>
<var>${isVisible}</var>
<arg>Element Should Be Visible</arg>
<arg>${element}</arg>
<doc>Runs the given keyword with given arguments and returns the status as a Boolean value.</doc>
<status status="PASS" start="2025-06-05T12:49:27.263200" elapsed="0.016820"/>
</kw>
<kw name="Run Keyword If" owner="BuiltIn">
<kw name="Exit For Loop" owner="BuiltIn">
<msg time="2025-06-05T12:49:27.280512" level="INFO">Exiting for loop altogether.</msg>
<doc>Stops executing the enclosing FOR loop.</doc>
<status status="PASS" start="2025-06-05T12:49:27.280432" elapsed="0.000230"/>
</kw>
<arg>${isVisible}</arg>
<arg>Exit For Loop</arg>
<doc>Runs the given keyword with the given arguments, if ``condition`` is true.</doc>
<status status="PASS" start="2025-06-05T12:49:27.280202" elapsed="0.000506"/>
</kw>
<kw name="Execute Javascript" owner="SeleniumLibrary">
<arg>window.scrollBy(70, 500)</arg>
<doc>Executes the given JavaScript code with possible arguments.</doc>
<status status="NOT RUN" start="2025-06-05T12:49:27.280825" elapsed="0.000021"/>
</kw>
<kw name="Sleep" owner="BuiltIn">
<arg>0.5s</arg>
<doc>Pauses the test executed for the given time.</doc>
<status status="NOT RUN" start="2025-06-05T12:49:27.280936" elapsed="0.000016"/>
</kw>
<kw name="Log To Console" owner="BuiltIn">
<arg>scrolled for element ${i}</arg>
<doc>Logs the given message to the console.</doc>
<status status="NOT RUN" start="2025-06-05T12:49:27.281059" elapsed="0.000015"/>
</kw>
<var name="${i}">0</var>
<status status="PASS" start="2025-06-05T12:49:27.262960" elapsed="0.018139"/>
</iter>
<var>${i}</var>
<value>15</value>
<status status="PASS" start="2025-06-05T12:49:27.262592" elapsed="0.020121"/>
</for>
<kw name="Click Element" owner="SeleniumLibrary">
<msg time="2025-06-05T12:49:27.283067" level="INFO">Clicking element '//img[@alt='similar-products']'.</msg>
<arg>${element}</arg>
<doc>Click the element identified by ``locator``.</doc>
<status status="PASS" start="2025-06-05T12:49:27.282893" elapsed="0.110195"/>
</kw>
<kw name="Sleep" owner="BuiltIn">
<msg time="2025-06-05T12:49:30.395303" level="INFO">Slept 3 seconds.</msg>
<arg>3s</arg>
<doc>Pauses the test executed for the given time.</doc>
<status status="PASS" start="2025-06-05T12:49:27.393271" elapsed="3.002488"/>
</kw>
<arg>${similar_product}</arg>
<status status="PASS" start="2025-06-05T12:49:27.262159" elapsed="3.133912"/>
</kw>
<kw name="Create List" owner="BuiltIn">
<msg time="2025-06-05T12:49:30.397467" level="INFO">@{post_scroll_elements} = [ //span[text()='Delivery &amp; Services'] | //span[text()='Delivered within 7-10 days'] | //span[contains(text(), 'Easy') and contains(text(), 'Return')] | //span[contains(text(), 'Cancellation allowed')...</msg>
<var>@{post_scroll_elements}</var>
<arg>${Delivery_Services}</arg>
<arg>${Delivered_7_days}</arg>
<arg>${easy_returns}</arg>
<arg>${cancellation_allowed}</arg>
<arg>${customer_reviews}</arg>
<arg>${similar_product}</arg>
<arg>${shop_best_sellers}</arg>
<doc>Returns a list containing given items.</doc>
<status status="PASS" start="2025-06-05T12:49:30.396610" elapsed="0.000897"/>
</kw>
<kw name="Verify Elements Visible From List" owner="pdpKeywords">
<for flavor="IN">
<iter>
<kw name="Wait Until Element Is Visible" owner="SeleniumLibrary">
<arg>${element}</arg>
<arg>timeout=10s</arg>
<doc>Waits until the element ``locator`` is visible.</doc>
<status status="PASS" start="2025-06-05T12:49:30.400230" elapsed="0.021022"/>
</kw>
<var name="${element}">//span[text()='Delivery &amp; Services']</var>
<status status="PASS" start="2025-06-05T12:49:30.399379" elapsed="0.021967"/>
</iter>
<iter>
<kw name="Wait Until Element Is Visible" owner="SeleniumLibrary">
<arg>${element}</arg>
<arg>timeout=10s</arg>
<doc>Waits until the element ``locator`` is visible.</doc>
<status status="PASS" start="2025-06-05T12:49:30.421628" elapsed="0.013035"/>
</kw>
<var name="${element}">//span[text()='Delivered within 7-10 days']</var>
<status status="PASS" start="2025-06-05T12:49:30.421481" elapsed="0.013235"/>
</iter>
<iter>
<kw name="Wait Until Element Is Visible" owner="SeleniumLibrary">
<arg>${element}</arg>
<arg>timeout=10s</arg>
<doc>Waits until the element ``locator`` is visible.</doc>
<status status="PASS" start="2025-06-05T12:49:30.434897" elapsed="0.010212"/>
</kw>
<var name="${element}">//span[contains(text(), 'Easy') and contains(text(), 'Return')]</var>
<status status="PASS" start="2025-06-05T12:49:30.434798" elapsed="0.010356"/>
</iter>
<iter>
<kw name="Wait Until Element Is Visible" owner="SeleniumLibrary">
<arg>${element}</arg>
<arg>timeout=10s</arg>
<doc>Waits until the element ``locator`` is visible.</doc>
<status status="PASS" start="2025-06-05T12:49:30.445309" elapsed="0.009310"/>
</kw>
<var name="${element}">//span[contains(text(), 'Cancellation allowed')]</var>
<status status="PASS" start="2025-06-05T12:49:30.445226" elapsed="0.009436"/>
</iter>
<iter>
<kw name="Wait Until Element Is Visible" owner="SeleniumLibrary">
<arg>${element}</arg>
<arg>timeout=10s</arg>
<doc>Waits until the element ``locator`` is visible.</doc>
<status status="PASS" start="2025-06-05T12:49:30.454810" elapsed="0.008497"/>
</kw>
<var name="${element}">//span[contains(@class, 'text-base') and contains(@class, 'font-bold') and normalize-space(text())='Customer Reviews']</var>
<status status="PASS" start="2025-06-05T12:49:30.454731" elapsed="0.008615"/>
</iter>
<iter>
<kw name="Wait Until Element Is Visible" owner="SeleniumLibrary">
<arg>${element}</arg>
<arg>timeout=10s</arg>
<doc>Waits until the element ``locator`` is visible.</doc>
<status status="PASS" start="2025-06-05T12:49:30.463480" elapsed="0.006258"/>
</kw>
<var name="${element}">//img[@alt='similar-products']</var>
<status status="PASS" start="2025-06-05T12:49:30.463408" elapsed="0.006368"/>
</iter>
<iter>
<kw name="Wait Until Element Is Visible" owner="SeleniumLibrary">
<arg>${element}</arg>
<arg>timeout=10s</arg>
<doc>Waits until the element ``locator`` is visible.</doc>
<status status="PASS" start="2025-06-05T12:49:30.469928" elapsed="0.007506"/>
</kw>
<var name="${element}">//span[text()='Shop Our Bestsellers']</var>
<status status="PASS" start="2025-06-05T12:49:30.469839" elapsed="0.007640"/>
</iter>
<var>${element}</var>
<value>@{elements}</value>
<status status="PASS" start="2025-06-05T12:49:30.398965" elapsed="0.078539"/>
</for>
<arg>@{post_scroll_elements}</arg>
<status status="PASS" start="2025-06-05T12:49:30.397964" elapsed="0.079580"/>
</kw>
<doc>Verifies all key elements on the PDP screen and handles interactions.</doc>
<status status="PASS" start="2025-06-05T12:49:21.336155" elapsed="9.141415"/>
</kw>
<status status="PASS" start="2025-06-05T12:49:21.335845" elapsed="9.141811"/>
</test>
<test id="s1-t4" name="Add product in cart" line="25">
<kw name="Click Correct Add To Cart Button" owner="plpKeywords">
<kw name="Run Keyword And Return Status" owner="BuiltIn">
<kw name="Page Should Contain Element" owner="SeleniumLibrary">
<msg time="2025-06-05T12:49:30.483022" level="INFO">Current page contains element 'xpath = (//button[.//div[contains(text(), 'View') or .//p[text()='View']]])[2]'.</msg>
<arg>${VIEW_DETAILS}</arg>
<doc>Verifies that element ``locator`` is found on the current page.</doc>
<status status="PASS" start="2025-06-05T12:49:30.478158" elapsed="0.004900"/>
</kw>
<msg time="2025-06-05T12:49:30.483110" level="INFO">${is_button1_present} = True</msg>
<var>${is_button1_present}</var>
<arg>Page Should Contain Element</arg>
<arg>${VIEW_DETAILS}</arg>
<doc>Runs the given keyword with given arguments and returns the status as a Boolean value.</doc>
<status status="PASS" start="2025-06-05T12:49:30.478076" elapsed="0.005044"/>
</kw>
<kw name="Run Keyword If" owner="BuiltIn">
<kw name="Run Keywords" owner="BuiltIn">
<kw name="Click Element" owner="SeleniumLibrary">
<msg time="2025-06-05T12:49:30.483449" level="INFO">Clicking element 'xpath = (//button[.//div[contains(text(), 'View') or .//p[text()='View']]])[2]'.</msg>
<arg>${VIEW_DETAILS}</arg>
<doc>Click the element identified by ``locator``.</doc>
<status status="PASS" start="2025-06-05T12:49:30.483380" elapsed="0.101441"/>
</kw>
<kw name="Sleep" owner="BuiltIn">
<msg time="2025-06-05T12:49:35.587413" level="INFO">Slept 5 seconds.</msg>
<arg>5s</arg>
<doc>Pauses the test executed for the given time.</doc>
<status status="PASS" start="2025-06-05T12:49:30.584989" elapsed="5.002919"/>
</kw>
<kw name="Click Element" owner="SeleniumLibrary">
<msg time="2025-06-05T12:49:35.591295" level="INFO">Clicking element 'xpath = //button[contains(text(), 'Buy Now')]'.</msg>
<arg>${BUY_NOW_BUTTON}</arg>
<doc>Click the element identified by ``locator``.</doc>
<status status="PASS" start="2025-06-05T12:49:35.589712" elapsed="0.146019"/>
</kw>
<kw name="Sleep" owner="BuiltIn">
<msg time="2025-06-05T12:49:40.736537" level="INFO">Slept 5 seconds.</msg>
<arg>5s</arg>
<doc>Pauses the test executed for the given time.</doc>
<status status="PASS" start="2025-06-05T12:49:35.735912" elapsed="5.001000"/>
</kw>
<arg>Click Element</arg>
<arg>${VIEW_DETAILS}</arg>
<arg>AND</arg>
<arg>Sleep</arg>
<arg>5s</arg>
<arg>AND</arg>
<arg>Click Element</arg>
<arg>${BUY_NOW_BUTTON}</arg>
<arg>AND</arg>
<arg>Sleep</arg>
<arg>5s</arg>
<doc>Executes all the given keywords in a sequence.</doc>
<status status="PASS" start="2025-06-05T12:49:30.483299" elapsed="10.254211"/>
</kw>
<arg>${is_button1_present}</arg>
<arg>Run Keywords</arg>
<arg>Click Element</arg>
<arg>${VIEW_DETAILS}</arg>
<arg>AND</arg>
<arg>Sleep</arg>
<arg>5s</arg>
<arg>AND</arg>
<arg>Click Element</arg>
<arg>${BUY_NOW_BUTTON}</arg>
<arg>AND</arg>
<arg>Sleep</arg>
<arg>5s</arg>
<arg>ELSE</arg>
<arg>Run Keywords</arg>
<arg>Click Element</arg>
<arg>${ADD_TO_BAG}</arg>
<arg>AND</arg>
<arg>Sleep</arg>
<arg>2s</arg>
<arg>AND</arg>
<arg>Click Element</arg>
<arg>${GO_TO_BAG}</arg>
<arg>AND</arg>
<arg>Sleep</arg>
<arg>5s</arg>
<doc>Runs the given keyword with the given arguments, if ``condition`` is true.</doc>
<status status="PASS" start="2025-06-05T12:49:30.483197" elapsed="10.254473"/>
</kw>
<status status="PASS" start="2025-06-05T12:49:30.477952" elapsed="10.261674"/>
</kw>
<status status="PASS" start="2025-06-05T12:49:30.477762" elapsed="10.262185"/>
</test>
<test id="s1-t5" name="Cart components and actions" line="27">
<kw name="Check And Verify Cart Variables" owner="checkoutKeywords">
<kw name="Create List" owner="BuiltIn">
<msg time="2025-06-05T12:49:40.741808" level="INFO">@{cart_elements} = [ xpath = //button[text()='See all coupons'] | xpath = //span[contains(text(), 'Your Bag')] | xpath = //div[@class='flex-1 flex flex-col text-start']//span[contains(text(), 'Price Breakup')] | xpath =...</msg>
<var>@{cart_elements}</var>
<arg>${see_all_coupons}</arg>
<arg>${cart_header}</arg>
<arg>${price_breakup_header}</arg>
<arg>${collapse_chevron}</arg>
<arg>${sub_total}</arg>
<arg>${platform_discount}</arg>
<arg>${shipping_charge}</arg>
<arg>${total}</arg>
<arg>${continue_to_address}</arg>
<arg>${highlighted_bag_stepper}</arg>
<arg>${crossIcon_cart}</arg>
<doc>Returns a list containing given items.</doc>
<status status="PASS" start="2025-06-05T12:49:40.741292" elapsed="0.000565"/>
</kw>
<kw name="Verify Elements Visible From List" owner="checkoutKeywords">
<for flavor="IN">
<iter>
<kw name="Run Keyword And Return Status" owner="BuiltIn">
<kw name="Element Should Be Visible" owner="SeleniumLibrary">
<msg time="2025-06-05T12:49:40.890980" level="INFO" html="true">&lt;/td&gt;&lt;/tr&gt;&lt;tr&gt;&lt;td colspan="3"&gt;&lt;a href="selenium-screenshot-48.png"&gt;&lt;img src="selenium-screenshot-48.png" width="800px"&gt;&lt;/a&gt;</msg>
<msg time="2025-06-05T12:49:40.891095" level="FAIL">Element with locator 'xpath = //button[text()='See all coupons']' not found.</msg>
<arg>${element}</arg>
<doc>Verifies that the element identified by ``locator`` is visible.</doc>
<status status="FAIL" start="2025-06-05T12:49:40.743002" elapsed="0.151678">Element with locator 'xpath = //button[text()='See all coupons']' not found.</status>
</kw>
<msg time="2025-06-05T12:49:40.894773" level="INFO">${status} = False</msg>
<var>${status}</var>
<arg>Element Should Be Visible</arg>
<arg>${element}</arg>
<doc>Runs the given keyword with given arguments and returns the status as a Boolean value.</doc>
<status status="PASS" start="2025-06-05T12:49:40.742769" elapsed="0.152020"/>
</kw>
<kw name="Run Keyword Unless" owner="BuiltIn">
<msg time="2025-06-05T12:49:40.894915" level="WARN">Keyword 'BuiltIn.Run Keyword Unless' is deprecated. </msg>
<kw name="Log" owner="BuiltIn">
<msg time="2025-06-05T12:49:40.895318" level="WARN">Element not visible: xpath = //button[text()='See all coupons']</msg>
<arg>Element not visible: ${element}</arg>
<arg>WARN</arg>
<doc>Logs the given message with the given level.</doc>
<status status="PASS" start="2025-06-05T12:49:40.895080" elapsed="0.000297"/>
</kw>
<arg>${status}</arg>
<arg>Log</arg>
<arg>Element not visible: ${element}</arg>
<arg>WARN</arg>
<doc>*DEPRECATED since RF 5.0. Use Native IF/ELSE or `Run Keyword If` instead.*</doc>
<status status="PASS" start="2025-06-05T12:49:40.894895" elapsed="0.000510"/>
</kw>
<var name="${element}">xpath = //button[text()='See all coupons']</var>
<status status="PASS" start="2025-06-05T12:49:40.742597" elapsed="0.152828"/>
</iter>
<iter>
<kw name="Run Keyword And Return Status" owner="BuiltIn">
<kw name="Element Should Be Visible" owner="SeleniumLibrary">
<msg time="2025-06-05T12:49:40.903930" level="INFO">Element 'xpath = //span[contains(text(), 'Your Bag')]' is displayed.</msg>
<arg>${element}</arg>
<doc>Verifies that the element identified by ``locator`` is visible.</doc>
<status status="PASS" start="2025-06-05T12:49:40.895621" elapsed="0.008358"/>
</kw>
<msg time="2025-06-05T12:49:40.904040" level="INFO">${status} = True</msg>
<var>${status}</var>
<arg>Element Should Be Visible</arg>
<arg>${element}</arg>
<doc>Runs the given keyword with given arguments and returns the status as a Boolean value.</doc>
<status status="PASS" start="2025-06-05T12:49:40.895545" elapsed="0.008507"/>
</kw>
<kw name="Run Keyword Unless" owner="BuiltIn">
<msg time="2025-06-05T12:49:40.904177" level="WARN">Keyword 'BuiltIn.Run Keyword Unless' is deprecated. </msg>
<arg>${status}</arg>
<arg>Log</arg>
<arg>Element not visible: ${element}</arg>
<arg>WARN</arg>
<doc>*DEPRECATED since RF 5.0. Use Native IF/ELSE or `Run Keyword If` instead.*</doc>
<status status="PASS" start="2025-06-05T12:49:40.904141" elapsed="0.000171"/>
</kw>
<var name="${element}">xpath = //span[contains(text(), 'Your Bag')]</var>
<status status="PASS" start="2025-06-05T12:49:40.895486" elapsed="0.008858"/>
</iter>
<iter>
<kw name="Run Keyword And Return Status" owner="BuiltIn">
<kw name="Element Should Be Visible" owner="SeleniumLibrary">
<msg time="2025-06-05T12:49:40.912444" level="INFO">Element 'xpath = //div[@class='flex-1 flex flex-col text-start']//span[contains(text(), 'Price Breakup')]' is displayed.</msg>
<arg>${element}</arg>
<doc>Verifies that the element identified by ``locator`` is visible.</doc>
<status status="PASS" start="2025-06-05T12:49:40.904549" elapsed="0.007938"/>
</kw>
<msg time="2025-06-05T12:49:40.912545" level="INFO">${status} = True</msg>
<var>${status}</var>
<arg>Element Should Be Visible</arg>
<arg>${element}</arg>
<doc>Runs the given keyword with given arguments and returns the status as a Boolean value.</doc>
<status status="PASS" start="2025-06-05T12:49:40.904468" elapsed="0.008088"/>
</kw>
<kw name="Run Keyword Unless" owner="BuiltIn">
<msg time="2025-06-05T12:49:40.912655" level="WARN">Keyword 'BuiltIn.Run Keyword Unless' is deprecated. </msg>
<arg>${status}</arg>
<arg>Log</arg>
<arg>Element not visible: ${element}</arg>
<arg>WARN</arg>
<doc>*DEPRECATED since RF 5.0. Use Native IF/ELSE or `Run Keyword If` instead.*</doc>
<status status="PASS" start="2025-06-05T12:49:40.912639" elapsed="0.000117"/>
</kw>
<var name="${element}">xpath = //div[@class='flex-1 flex flex-col text-start']//span[contains(text(), 'Price Breakup')]</var>
<status status="PASS" start="2025-06-05T12:49:40.904403" elapsed="0.008376"/>
</iter>
<iter>
<kw name="Run Keyword And Return Status" owner="BuiltIn">
<kw name="Element Should Be Visible" owner="SeleniumLibrary">
<msg time="2025-06-05T12:49:40.921364" level="INFO">Element 'xpath = //span[@data-open='true' and @aria-hidden='true']//img[@alt='down cheveron']' is displayed.</msg>
<arg>${element}</arg>
<doc>Verifies that the element identified by ``locator`` is visible.</doc>
<status status="PASS" start="2025-06-05T12:49:40.913036" elapsed="0.008369"/>
</kw>
<msg time="2025-06-05T12:49:40.921464" level="INFO">${status} = True</msg>
<var>${status}</var>
<arg>Element Should Be Visible</arg>
<arg>${element}</arg>
<doc>Runs the given keyword with given arguments and returns the status as a Boolean value.</doc>
<status status="PASS" start="2025-06-05T12:49:40.912952" elapsed="0.008523"/>
</kw>
<kw name="Run Keyword Unless" owner="BuiltIn">
<msg time="2025-06-05T12:49:40.921571" level="WARN">Keyword 'BuiltIn.Run Keyword Unless' is deprecated. </msg>
<arg>${status}</arg>
<arg>Log</arg>
<arg>Element not visible: ${element}</arg>
<arg>WARN</arg>
<doc>*DEPRECATED since RF 5.0. Use Native IF/ELSE or `Run Keyword If` instead.*</doc>
<status status="PASS" start="2025-06-05T12:49:40.921554" elapsed="0.000117"/>
</kw>
<var name="${element}">xpath = //span[@data-open='true' and @aria-hidden='true']//img[@alt='down cheveron']</var>
<status status="PASS" start="2025-06-05T12:49:40.912858" elapsed="0.008837"/>
</iter>
<iter>
<kw name="Run Keyword And Return Status" owner="BuiltIn">
<kw name="Element Should Be Visible" owner="SeleniumLibrary">
<msg time="2025-06-05T12:49:40.929681" level="INFO">Element 'xpath = //span[text()='Sub Total']' is displayed.</msg>
<arg>${element}</arg>
<doc>Verifies that the element identified by ``locator`` is visible.</doc>
<status status="PASS" start="2025-06-05T12:49:40.921875" elapsed="0.007849"/>
</kw>
<msg time="2025-06-05T12:49:40.929845" level="INFO">${status} = True</msg>
<var>${status}</var>
<arg>Element Should Be Visible</arg>
<arg>${element}</arg>
<doc>Runs the given keyword with given arguments and returns the status as a Boolean value.</doc>
<status status="PASS" start="2025-06-05T12:49:40.921802" elapsed="0.008055"/>
</kw>
<kw name="Run Keyword Unless" owner="BuiltIn">
<msg time="2025-06-05T12:49:40.929954" level="WARN">Keyword 'BuiltIn.Run Keyword Unless' is deprecated. </msg>
<arg>${status}</arg>
<arg>Log</arg>
<arg>Element not visible: ${element}</arg>
<arg>WARN</arg>
<doc>*DEPRECATED since RF 5.0. Use Native IF/ELSE or `Run Keyword If` instead.*</doc>
<status status="PASS" start="2025-06-05T12:49:40.929937" elapsed="0.000112"/>
</kw>
<var name="${element}">xpath = //span[text()='Sub Total']</var>
<status status="PASS" start="2025-06-05T12:49:40.921747" elapsed="0.008325"/>
</iter>
<iter>
<kw name="Run Keyword And Return Status" owner="BuiltIn">
<kw name="Element Should Be Visible" owner="SeleniumLibrary">
<msg time="2025-06-05T12:49:40.937978" level="INFO">Element 'xpath = //div[span[text()='Platform Discount']]' is displayed.</msg>
<arg>${element}</arg>
<doc>Verifies that the element identified by ``locator`` is visible.</doc>
<status status="PASS" start="2025-06-05T12:49:40.930253" elapsed="0.007765"/>
</kw>
<msg time="2025-06-05T12:49:40.938073" level="INFO">${status} = True</msg>
<var>${status}</var>
<arg>Element Should Be Visible</arg>
<arg>${element}</arg>
<doc>Runs the given keyword with given arguments and returns the status as a Boolean value.</doc>
<status status="PASS" start="2025-06-05T12:49:40.930179" elapsed="0.007905"/>
</kw>
<kw name="Run Keyword Unless" owner="BuiltIn">
<msg time="2025-06-05T12:49:40.938179" level="WARN">Keyword 'BuiltIn.Run Keyword Unless' is deprecated. </msg>
<arg>${status}</arg>
<arg>Log</arg>
<arg>Element not visible: ${element}</arg>
<arg>WARN</arg>
<doc>*DEPRECATED since RF 5.0. Use Native IF/ELSE or `Run Keyword If` instead.*</doc>
<status status="PASS" start="2025-06-05T12:49:40.938163" elapsed="0.000109"/>
</kw>
<var name="${element}">xpath = //div[span[text()='Platform Discount']]</var>
<status status="PASS" start="2025-06-05T12:49:40.930124" elapsed="0.008171"/>
</iter>
<iter>
<kw name="Run Keyword And Return Status" owner="BuiltIn">
<kw name="Element Should Be Visible" owner="SeleniumLibrary">
<msg time="2025-06-05T12:49:40.946156" level="INFO">Element 'xpath = //div[span[text()='Shipping Charges']]' is displayed.</msg>
<arg>${element}</arg>
<doc>Verifies that the element identified by ``locator`` is visible.</doc>
<status status="PASS" start="2025-06-05T12:49:40.938472" elapsed="0.007729"/>
</kw>
<msg time="2025-06-05T12:49:40.946260" level="INFO">${status} = True</msg>
<var>${status}</var>
<arg>Element Should Be Visible</arg>
<arg>${element}</arg>
<doc>Runs the given keyword with given arguments and returns the status as a Boolean value.</doc>
<status status="PASS" start="2025-06-05T12:49:40.938401" elapsed="0.007870"/>
</kw>
<kw name="Run Keyword Unless" owner="BuiltIn">
<msg time="2025-06-05T12:49:40.946366" level="WARN">Keyword 'BuiltIn.Run Keyword Unless' is deprecated. </msg>
<arg>${status}</arg>
<arg>Log</arg>
<arg>Element not visible: ${element}</arg>
<arg>WARN</arg>
<doc>*DEPRECATED since RF 5.0. Use Native IF/ELSE or `Run Keyword If` instead.*</doc>
<status status="PASS" start="2025-06-05T12:49:40.946350" elapsed="0.000117"/>
</kw>
<var name="${element}">xpath = //div[span[text()='Shipping Charges']]</var>
<status status="PASS" start="2025-06-05T12:49:40.938347" elapsed="0.008143"/>
</iter>
<iter>
<kw name="Run Keyword And Return Status" owner="BuiltIn">
<kw name="Element Should Be Visible" owner="SeleniumLibrary">
<msg time="2025-06-05T12:49:40.954843" level="INFO">Element 'xpath = //div[span[text()='Total']]' is displayed.</msg>
<arg>${element}</arg>
<doc>Verifies that the element identified by ``locator`` is visible.</doc>
<status status="PASS" start="2025-06-05T12:49:40.946682" elapsed="0.008202"/>
</kw>
<msg time="2025-06-05T12:49:40.954942" level="INFO">${status} = True</msg>
<var>${status}</var>
<arg>Element Should Be Visible</arg>
<arg>${element}</arg>
<doc>Runs the given keyword with given arguments and returns the status as a Boolean value.</doc>
<status status="PASS" start="2025-06-05T12:49:40.946605" elapsed="0.008348"/>
</kw>
<kw name="Run Keyword Unless" owner="BuiltIn">
<msg time="2025-06-05T12:49:40.955048" level="WARN">Keyword 'BuiltIn.Run Keyword Unless' is deprecated. </msg>
<arg>${status}</arg>
<arg>Log</arg>
<arg>Element not visible: ${element}</arg>
<arg>WARN</arg>
<doc>*DEPRECATED since RF 5.0. Use Native IF/ELSE or `Run Keyword If` instead.*</doc>
<status status="PASS" start="2025-06-05T12:49:40.955032" elapsed="0.000115"/>
</kw>
<var name="${element}">xpath = //div[span[text()='Total']]</var>
<status status="PASS" start="2025-06-05T12:49:40.946542" elapsed="0.008630"/>
</iter>
<iter>
<kw name="Run Keyword And Return Status" owner="BuiltIn">
<kw name="Element Should Be Visible" owner="SeleniumLibrary">
<msg time="2025-06-05T12:49:40.963391" level="INFO">Element 'xpath = //a[contains(@href, 'cart/address') and text()='Continue to Address']' is displayed.</msg>
<arg>${element}</arg>
<doc>Verifies that the element identified by ``locator`` is visible.</doc>
<status status="PASS" start="2025-06-05T12:49:40.955369" elapsed="0.008065"/>
</kw>
<msg time="2025-06-05T12:49:40.963490" level="INFO">${status} = True</msg>
<var>${status}</var>
<arg>Element Should Be Visible</arg>
<arg>${element}</arg>
<doc>Runs the given keyword with given arguments and returns the status as a Boolean value.</doc>
<status status="PASS" start="2025-06-05T12:49:40.955290" elapsed="0.008211"/>
</kw>
<kw name="Run Keyword Unless" owner="BuiltIn">
<msg time="2025-06-05T12:49:40.963593" level="WARN">Keyword 'BuiltIn.Run Keyword Unless' is deprecated. </msg>
<arg>${status}</arg>
<arg>Log</arg>
<arg>Element not visible: ${element}</arg>
<arg>WARN</arg>
<doc>*DEPRECATED since RF 5.0. Use Native IF/ELSE or `Run Keyword If` instead.*</doc>
<status status="PASS" start="2025-06-05T12:49:40.963577" elapsed="0.000122"/>
</kw>
<var name="${element}">xpath = //a[contains(@href, 'cart/address') and text()='Continue to Address']</var>
<status status="PASS" start="2025-06-05T12:49:40.955226" elapsed="0.008495"/>
</iter>
<iter>
<kw name="Run Keyword And Return Status" owner="BuiltIn">
<kw name="Element Should Be Visible" owner="SeleniumLibrary">
<msg time="2025-06-05T12:49:40.971449" level="INFO">Element 'xpath = //li[contains(@class, 'text-teal-500')]//div[contains(text(), 'Bag')]' is displayed.</msg>
<arg>${element}</arg>
<doc>Verifies that the element identified by ``locator`` is visible.</doc>
<status status="PASS" start="2025-06-05T12:49:40.963895" elapsed="0.007596"/>
</kw>
<msg time="2025-06-05T12:49:40.971548" level="INFO">${status} = True</msg>
<var>${status}</var>
<arg>Element Should Be Visible</arg>
<arg>${element}</arg>
<doc>Runs the given keyword with given arguments and returns the status as a Boolean value.</doc>
<status status="PASS" start="2025-06-05T12:49:40.963825" elapsed="0.007734"/>
</kw>
<kw name="Run Keyword Unless" owner="BuiltIn">
<msg time="2025-06-05T12:49:40.971653" level="WARN">Keyword 'BuiltIn.Run Keyword Unless' is deprecated. </msg>
<arg>${status}</arg>
<arg>Log</arg>
<arg>Element not visible: ${element}</arg>
<arg>WARN</arg>
<doc>*DEPRECATED since RF 5.0. Use Native IF/ELSE or `Run Keyword If` instead.*</doc>
<status status="PASS" start="2025-06-05T12:49:40.971637" elapsed="0.000111"/>
</kw>
<var name="${element}">xpath = //li[contains(@class, 'text-teal-500')]//div[contains(text(), 'Bag')]</var>
<status status="PASS" start="2025-06-05T12:49:40.963772" elapsed="0.007999"/>
</iter>
<iter>
<kw name="Run Keyword And Return Status" owner="BuiltIn">
<kw name="Element Should Be Visible" owner="SeleniumLibrary">
<msg time="2025-06-05T12:49:40.979636" level="INFO">Element 'xpath = //div[./img[@alt='remove item from cart']]' is displayed.</msg>
<arg>${element}</arg>
<doc>Verifies that the element identified by ``locator`` is visible.</doc>
<status status="PASS" start="2025-06-05T12:49:40.971950" elapsed="0.007728"/>
</kw>
<msg time="2025-06-05T12:49:40.979789" level="INFO">${status} = True</msg>
<var>${status}</var>
<arg>Element Should Be Visible</arg>
<arg>${element}</arg>
<doc>Runs the given keyword with given arguments and returns the status as a Boolean value.</doc>
<status status="PASS" start="2025-06-05T12:49:40.971876" elapsed="0.007924"/>
</kw>
<kw name="Run Keyword Unless" owner="BuiltIn">
<msg time="2025-06-05T12:49:40.979896" level="WARN">Keyword 'BuiltIn.Run Keyword Unless' is deprecated. </msg>
<arg>${status}</arg>
<arg>Log</arg>
<arg>Element not visible: ${element}</arg>
<arg>WARN</arg>
<doc>*DEPRECATED since RF 5.0. Use Native IF/ELSE or `Run Keyword If` instead.*</doc>
<status status="PASS" start="2025-06-05T12:49:40.979880" elapsed="0.000114"/>
</kw>
<var name="${element}">xpath = //div[./img[@alt='remove item from cart']]</var>
<status status="PASS" start="2025-06-05T12:49:40.971823" elapsed="0.008194"/>
</iter>
<var>${element}</var>
<value>@{elements}</value>
<status status="PASS" start="2025-06-05T12:49:40.742425" elapsed="0.237615"/>
</for>
<arg>@{cart_elements}</arg>
<doc>Loops through a list of elements and verifies each is visible, logging errors.</doc>
<status status="PASS" start="2025-06-05T12:49:40.742154" elapsed="0.237927"/>
</kw>
<kw name="Sleep" owner="BuiltIn">
<msg time="2025-06-05T12:49:42.981395" level="INFO">Slept 2 seconds.</msg>
<arg>2s</arg>
<doc>Pauses the test executed for the given time.</doc>
<status status="PASS" start="2025-06-05T12:49:40.980134" elapsed="2.003066"/>
</kw>
<kw name="Click Apply Or Remove Button" owner="checkoutKeywords">
<kw name="Run Keyword And Return Status" owner="BuiltIn">
<kw name="Element Should Be Visible" owner="SeleniumLibrary">
<msg time="2025-06-05T12:49:43.129855" level="INFO" html="true">&lt;/td&gt;&lt;/tr&gt;&lt;tr&gt;&lt;td colspan="3"&gt;&lt;a href="selenium-screenshot-49.png"&gt;&lt;img src="selenium-screenshot-49.png" width="800px"&gt;&lt;/a&gt;</msg>
<msg time="2025-06-05T12:49:43.129952" level="FAIL">Element with locator 'xpath = //button[text()='Apply']' not found.</msg>
<arg>${coupon_apply_button}</arg>
<doc>Verifies that the element identified by ``locator`` is visible.</doc>
<status status="FAIL" start="2025-06-05T12:49:42.986320" elapsed="0.143944">Element with locator 'xpath = //button[text()='Apply']' not found.</status>
</kw>
<msg time="2025-06-05T12:49:43.130334" level="INFO">${apply} = False</msg>
<var>${apply}</var>
<arg>Element Should Be Visible</arg>
<arg>${coupon_apply_button}</arg>
<doc>Runs the given keyword with given arguments and returns the status as a Boolean value.</doc>
<status status="PASS" start="2025-06-05T12:49:42.985719" elapsed="0.144630"/>
</kw>
<kw name="Run Keyword If" owner="BuiltIn">
<kw name="Click Element" owner="SeleniumLibrary">
<msg time="2025-06-05T12:49:43.130695" level="INFO">Clicking element 'xpath = //button[text()='Remove']'.</msg>
<msg time="2025-06-05T12:49:43.252589" level="INFO" html="true">&lt;/td&gt;&lt;/tr&gt;&lt;tr&gt;&lt;td colspan="3"&gt;&lt;a href="selenium-screenshot-50.png"&gt;&lt;img src="selenium-screenshot-50.png" width="800px"&gt;&lt;/a&gt;</msg>
<msg time="2025-06-05T12:49:43.252696" level="FAIL">Element with locator 'xpath = //button[text()='Remove']' not found.</msg>
<arg>${coupon_remove_button}</arg>
<doc>Click the element identified by ``locator``.</doc>
<status status="FAIL" start="2025-06-05T12:49:43.130599" elapsed="0.122455">Element with locator 'xpath = //button[text()='Remove']' not found.</status>
</kw>
<arg>${apply}</arg>
<arg>Click Element</arg>
<arg>${coupon_apply_button}</arg>
<arg>ELSE</arg>
<arg>Click Element</arg>
<arg>${coupon_remove_button}</arg>
<doc>Runs the given keyword with the given arguments, if ``condition`` is true.</doc>
<status status="FAIL" start="2025-06-05T12:49:43.130459" elapsed="0.122663">Element with locator 'xpath = //button[text()='Remove']' not found.</status>
</kw>
<doc>Applies or removes coupon based on button visibility.</doc>
<status status="FAIL" start="2025-06-05T12:49:42.984103" elapsed="0.269130">Element with locator 'xpath = //button[text()='Remove']' not found.</status>
</kw>
<kw name="Click Element" owner="SeleniumLibrary">
<arg>${crossIcon_cart}</arg>
<doc>Click the element identified by ``locator``.</doc>
<status status="NOT RUN" start="2025-06-05T12:49:43.253343" elapsed="0.000017"/>
</kw>
<kw name="Wait Until Element Is Visible" owner="SeleniumLibrary">
<arg>${your_cart_is_empty}</arg>
<doc>Waits until the element ``locator`` is visible.</doc>
<status status="NOT RUN" start="2025-06-05T12:49:43.253416" elapsed="0.000011"/>
</kw>
<kw name="Click Element" owner="SeleniumLibrary">
<arg>${start_shopping}</arg>
<doc>Click the element identified by ``locator``.</doc>
<status status="NOT RUN" start="2025-06-05T12:49:43.253474" elapsed="0.000009"/>
</kw>
<kw name="Sleep" owner="BuiltIn">
<arg>2s</arg>
<doc>Pauses the test executed for the given time.</doc>
<status status="NOT RUN" start="2025-06-05T12:49:43.253532" elapsed="0.000009"/>
</kw>
<doc>Checks all major cart page elements are visible and functional.</doc>
<status status="FAIL" start="2025-06-05T12:49:40.740872" elapsed="2.512708">Element with locator 'xpath = //button[text()='Remove']' not found.</status>
</kw>
<status status="FAIL" start="2025-06-05T12:49:40.740248" elapsed="2.513443">Element with locator 'xpath = //button[text()='Remove']' not found.</status>
</test>
<test id="s1-t6" name="Order after emptying the cart" line="29">
<kw name="Order earrings post emptying cart" owner="homepageKeywords">
<kw name="Go To" owner="SeleniumLibrary">
<msg time="2025-06-05T12:49:43.254276" level="INFO">Opening url 'https://cached-staging.shopnek.com/products/yellow-gold-trident-earrings'</msg>
<arg>${earringProductURL}</arg>
<doc>Navigates the current browser window to the provided ``url``.</doc>
<status status="PASS" start="2025-06-05T12:49:43.254206" elapsed="0.290753"/>
</kw>
<kw name="Reload Page" owner="SeleniumLibrary">
<doc>Simulates user reloading page.</doc>
<status status="PASS" start="2025-06-05T12:49:43.545143" elapsed="0.323503"/>
</kw>
<kw name="Sleep" owner="BuiltIn">
<msg time="2025-06-05T12:49:45.875033" level="INFO">Slept 2 seconds.</msg>
<arg>2s</arg>
<doc>Pauses the test executed for the given time.</doc>
<status status="PASS" start="2025-06-05T12:49:43.868968" elapsed="2.006318"/>
</kw>
<kw name="Click Correct Add To Cart Button" owner="plpKeywords">
<kw name="Run Keyword And Return Status" owner="BuiltIn">
<kw name="Page Should Contain Element" owner="SeleniumLibrary">
<msg time="2025-06-05T12:49:46.048095" level="INFO" html="true">&lt;/td&gt;&lt;/tr&gt;&lt;tr&gt;&lt;td colspan="3"&gt;&lt;a href="selenium-screenshot-51.png"&gt;&lt;img src="selenium-screenshot-51.png" width="800px"&gt;&lt;/a&gt;</msg>
<msg time="2025-06-05T12:49:46.048183" level="FAIL">Page should have contained element 'xpath = (//button[.//div[contains(text(), 'View') or .//p[text()='View']]])[2]' but did not.</msg>
<arg>${VIEW_DETAILS}</arg>
<doc>Verifies that element ``locator`` is found on the current page.</doc>
<status status="FAIL" start="2025-06-05T12:49:45.876700" elapsed="0.172141">Page should have contained element 'xpath = (//button[.//div[contains(text(), 'View') or .//p[text()='View']]])[2]' but did not.</status>
</kw>
<msg time="2025-06-05T12:49:46.048911" level="INFO">${is_button1_present} = False</msg>
<var>${is_button1_present}</var>
<arg>Page Should Contain Element</arg>
<arg>${VIEW_DETAILS}</arg>
<doc>Runs the given keyword with given arguments and returns the status as a Boolean value.</doc>
<status status="PASS" start="2025-06-05T12:49:45.876381" elapsed="0.172542"/>
</kw>
<kw name="Run Keyword If" owner="BuiltIn">
<kw name="Run Keywords" owner="BuiltIn">
<kw name="Click Element" owner="SeleniumLibrary">
<msg time="2025-06-05T12:49:46.049293" level="INFO">Clicking element 'xpath = (//span[contains(text(), 'Add to Bag')])[1]'.</msg>
<arg>${ADD_TO_BAG}</arg>
<doc>Click the element identified by ``locator``.</doc>
<status status="PASS" start="2025-06-05T12:49:46.049211" elapsed="0.096839"/>
</kw>
<kw name="Sleep" owner="BuiltIn">
<msg time="2025-06-05T12:49:48.147225" level="INFO">Slept 2 seconds.</msg>
<arg>2s</arg>
<doc>Pauses the test executed for the given time.</doc>
<status status="PASS" start="2025-06-05T12:49:46.146295" elapsed="2.001005"/>
</kw>
<kw name="Click Element" owner="SeleniumLibrary">
<msg time="2025-06-05T12:49:48.147607" level="INFO">Clicking element '//button[.//span[text()='Go to Bag']]'.</msg>
<arg>${GO_TO_BAG}</arg>
<doc>Click the element identified by ``locator``.</doc>
<status status="PASS" start="2025-06-05T12:49:48.147473" elapsed="0.122849"/>
</kw>
<kw name="Sleep" owner="BuiltIn">
<msg time="2025-06-05T12:49:53.271400" level="INFO">Slept 5 seconds.</msg>
<arg>5s</arg>
<doc>Pauses the test executed for the given time.</doc>
<status status="PASS" start="2025-06-05T12:49:48.270479" elapsed="5.001157"/>
</kw>
<arg>Click Element</arg>
<arg>${ADD_TO_BAG}</arg>
<arg>AND</arg>
<arg>Sleep</arg>
<arg>2s</arg>
<arg>AND</arg>
<arg>Click Element</arg>
<arg>${GO_TO_BAG}</arg>
<arg>AND</arg>
<arg>Sleep</arg>
<arg>5s</arg>
<doc>Executes all the given keywords in a sequence.</doc>
<status status="PASS" start="2025-06-05T12:49:46.049139" elapsed="7.222653"/>
</kw>
<arg>${is_button1_present}</arg>
<arg>Run Keywords</arg>
<arg>Click Element</arg>
<arg>${VIEW_DETAILS}</arg>
<arg>AND</arg>
<arg>Sleep</arg>
<arg>5s</arg>
<arg>AND</arg>
<arg>Click Element</arg>
<arg>${BUY_NOW_BUTTON}</arg>
<arg>AND</arg>
<arg>Sleep</arg>
<arg>5s</arg>
<arg>ELSE</arg>
<arg>Run Keywords</arg>
<arg>Click Element</arg>
<arg>${ADD_TO_BAG}</arg>
<arg>AND</arg>
<arg>Sleep</arg>
<arg>2s</arg>
<arg>AND</arg>
<arg>Click Element</arg>
<arg>${GO_TO_BAG}</arg>
<arg>AND</arg>
<arg>Sleep</arg>
<arg>5s</arg>
<doc>Runs the given keyword with the given arguments, if ``condition`` is true.</doc>
<status status="PASS" start="2025-06-05T12:49:46.049024" elapsed="7.222873"/>
</kw>
<status status="PASS" start="2025-06-05T12:49:45.875771" elapsed="7.396306"/>
</kw>
<kw name="Click Element" owner="SeleniumLibrary">
<msg time="2025-06-05T12:49:53.272811" level="INFO">Clicking element 'xpath = //div[./img[@alt='remove item from cart']]'.</msg>
<arg>${crossIcon_cart}</arg>
<doc>Click the element identified by ``locator``.</doc>
<status status="PASS" start="2025-06-05T12:49:53.272404" elapsed="0.125046"/>
</kw>
<kw name="Sleep" owner="BuiltIn">
<msg time="2025-06-05T12:49:56.398812" level="INFO">Slept 3 seconds.</msg>
<arg>3s</arg>
<doc>Pauses the test executed for the given time.</doc>
<status status="PASS" start="2025-06-05T12:49:53.397630" elapsed="3.001694"/>
</kw>
<kw name="Wait Until Element Is Visible" owner="SeleniumLibrary">
<msg time="2025-06-05T12:50:01.758243" level="INFO" html="true">&lt;/td&gt;&lt;/tr&gt;&lt;tr&gt;&lt;td colspan="3"&gt;&lt;a href="selenium-screenshot-52.png"&gt;&lt;img src="selenium-screenshot-52.png" width="800px"&gt;&lt;/a&gt;</msg>
<msg time="2025-06-05T12:50:01.758346" level="FAIL">Element 'xpath = //span[text()='Your Bag is Empty']' not visible after 5 seconds.</msg>
<arg>${your_cart_is_empty}</arg>
<arg>timeout=5s</arg>
<doc>Waits until the element ``locator`` is visible.</doc>
<status status="FAIL" start="2025-06-05T12:49:56.400664" elapsed="5.358495">Element 'xpath = //span[text()='Your Bag is Empty']' not visible after 5 seconds.</status>
</kw>
<kw name="Add Products From Cart" owner="checkoutKeywords">
<doc>Adds products to cart, navigates and verifies.</doc>
<status status="NOT RUN" start="2025-06-05T12:50:01.759334" elapsed="0.000022"/>
</kw>
<status status="FAIL" start="2025-06-05T12:49:43.254096" elapsed="18.505316">Element 'xpath = //span[text()='Your Bag is Empty']' not visible after 5 seconds.</status>
</kw>
<status status="FAIL" start="2025-06-05T12:49:43.253786" elapsed="18.505730">Element 'xpath = //span[text()='Your Bag is Empty']' not visible after 5 seconds.</status>
</test>
<test id="s1-t7" name="Address flow" line="31">
<kw name="Address pop up for the Users" owner="addressKeywords">
<kw name="Sleep" owner="BuiltIn">
<msg time="2025-06-05T12:50:03.760370" level="INFO">Slept 2 seconds.</msg>
<arg>2s</arg>
<doc>Pauses the test executed for the given time.</doc>
<status status="PASS" start="2025-06-05T12:50:01.760057" elapsed="2.000432"/>
</kw>
<kw name="Click Element" owner="SeleniumLibrary">
<msg time="2025-06-05T12:50:03.760919" level="INFO">Clicking element 'xpath = //a[contains(@href, 'cart/address') and text()='Continue to Address']'.</msg>
<arg>${continue_to_address}</arg>
<doc>Click the element identified by ``locator``.</doc>
<status status="PASS" start="2025-06-05T12:50:03.760707" elapsed="0.117912"/>
</kw>
<kw name="Sleep" owner="BuiltIn">
<msg time="2025-06-05T12:50:05.880213" level="INFO">Slept 2 seconds.</msg>
<arg>2s</arg>
<doc>Pauses the test executed for the given time.</doc>
<status status="PASS" start="2025-06-05T12:50:03.878794" elapsed="2.002239"/>
</kw>
<kw name="Click Element" owner="SeleniumLibrary">
<msg time="2025-06-05T12:50:05.884543" level="INFO">Clicking element 'xpath = //img[@alt='close']'.</msg>
<arg>${closePopUp}</arg>
<doc>Click the element identified by ``locator``.</doc>
<status status="PASS" start="2025-06-05T12:50:05.884030" elapsed="0.127772"/>
</kw>
<kw name="Sleep" owner="BuiltIn">
<msg time="2025-06-05T12:50:08.013887" level="INFO">Slept 2 seconds.</msg>
<arg>2s</arg>
<doc>Pauses the test executed for the given time.</doc>
<status status="PASS" start="2025-06-05T12:50:06.011997" elapsed="2.002461"/>
</kw>
<kw name="Element Should Be Visible" owner="SeleniumLibrary">
<msg time="2025-06-05T12:50:08.041507" level="INFO">Element 'xpath = //p[normalize-space()='+ Add New Address']' is displayed.</msg>
<arg>${add_new_address}</arg>
<doc>Verifies that the element identified by ``locator`` is visible.</doc>
<status status="PASS" start="2025-06-05T12:50:08.017307" elapsed="0.024321"/>
</kw>
<kw name="Sleep" owner="BuiltIn">
<msg time="2025-06-05T12:50:10.043606" level="INFO">Slept 2 seconds.</msg>
<arg>2s</arg>
<doc>Pauses the test executed for the given time.</doc>
<status status="PASS" start="2025-06-05T12:50:08.041853" elapsed="2.002375"/>
</kw>
<kw name="Execute Javascript" owner="SeleniumLibrary">
<msg time="2025-06-05T12:50:10.047064" level="INFO">Executing JavaScript:
window.history.back();
Without any arguments.</msg>
<arg>window.history.back();</arg>
<doc>Executes the given JavaScript code with possible arguments.</doc>
<status status="PASS" start="2025-06-05T12:50:10.045368" elapsed="0.024894"/>
</kw>
<kw name="Sleep" owner="BuiltIn">
<msg time="2025-06-05T12:50:13.071303" level="INFO">Slept 3 seconds.</msg>
<arg>3s</arg>
<doc>Pauses the test executed for the given time.</doc>
<status status="PASS" start="2025-06-05T12:50:10.070494" elapsed="3.001365"/>
</kw>
<kw name="Element Should Be Visible" owner="SeleniumLibrary">
<msg time="2025-06-05T12:50:13.096147" level="INFO">Element 'xpath = //p[contains(text(), 'Having trouble with address?')]' is displayed.</msg>
<arg>${address_popUp_header}</arg>
<doc>Verifies that the element identified by ``locator`` is visible.</doc>
<status status="PASS" start="2025-06-05T12:50:13.073630" elapsed="0.022617"/>
</kw>
<kw name="Element Should Be Visible" owner="SeleniumLibrary">
<msg time="2025-06-05T12:50:13.110296" level="INFO">Element 'xpath = //div[contains(@class, 'shadow-lg')]//p[text()='Continue to Save Address']' is displayed.</msg>
<arg>${continueToSaveAddress}</arg>
<doc>Verifies that the element identified by ``locator`` is visible.</doc>
<status status="PASS" start="2025-06-05T12:50:13.096456" elapsed="0.013922"/>
</kw>
<kw name="Element Should Be Visible" owner="SeleniumLibrary">
<msg time="2025-06-05T12:50:13.121255" level="INFO">Element 'xpath = //p[text()='Save address for faster checkout']' is displayed.</msg>
<arg>${saveAddressText}</arg>
<doc>Verifies that the element identified by ``locator`` is visible.</doc>
<status status="PASS" start="2025-06-05T12:50:13.110540" elapsed="0.010765"/>
</kw>
<kw name="Element Should Be Visible" owner="SeleniumLibrary">
<msg time="2025-06-05T12:50:13.130398" level="INFO">Element 'xpath = //p/span[text()='Out of Stock']' is displayed.</msg>
<arg>${outOfStockWarningText}</arg>
<doc>Verifies that the element identified by ``locator`` is visible.</doc>
<status status="PASS" start="2025-06-05T12:50:13.121412" elapsed="0.009039"/>
</kw>
<kw name="Click Element" owner="SeleniumLibrary">
<msg time="2025-06-05T12:50:13.131722" level="INFO">Clicking element 'xpath = //img[@alt='close']'.</msg>
<arg>${closePopUp}</arg>
<doc>Click the element identified by ``locator``.</doc>
<status status="PASS" start="2025-06-05T12:50:13.131608" elapsed="0.106147"/>
</kw>
<kw name="Sleep" owner="BuiltIn">
<msg time="2025-06-05T12:50:15.240245" level="INFO">Slept 2 seconds.</msg>
<arg>2s</arg>
<doc>Pauses the test executed for the given time.</doc>
<status status="PASS" start="2025-06-05T12:50:13.237906" elapsed="2.002843"/>
</kw>
<status status="PASS" start="2025-06-05T12:50:01.759891" elapsed="13.481479"/>
</kw>
<kw name="Adding address for Guest User" owner="addressKeywords">
<kw name="Click Element" owner="SeleniumLibrary">
<msg time="2025-06-05T12:50:15.245677" level="INFO">Clicking element 'xpath = //p[normalize-space()='+ Add New Address']'.</msg>
<arg>${add_new_address}</arg>
<doc>Click the element identified by ``locator``.</doc>
<status status="PASS" start="2025-06-05T12:50:15.245337" elapsed="0.136275"/>
</kw>
<kw name="Sleep" owner="BuiltIn">
<msg time="2025-06-05T12:50:17.384785" level="INFO">Slept 2 seconds.</msg>
<arg>2s</arg>
<doc>Pauses the test executed for the given time.</doc>
<status status="PASS" start="2025-06-05T12:50:15.381915" elapsed="2.003516"/>
</kw>
<kw name="Click Element" owner="SeleniumLibrary">
<msg time="2025-06-05T12:50:17.387180" level="INFO">Clicking element 'xpath = //img[@alt='close']'.</msg>
<arg>${closePopUp}</arg>
<doc>Click the element identified by ``locator``.</doc>
<status status="PASS" start="2025-06-05T12:50:17.386230" elapsed="0.125511"/>
</kw>
<kw name="Sleep" owner="BuiltIn">
<msg time="2025-06-05T12:50:20.512624" level="INFO">Slept 3 seconds.</msg>
<arg>3s</arg>
<doc>Pauses the test executed for the given time.</doc>
<status status="PASS" start="2025-06-05T12:50:17.512057" elapsed="3.001093"/>
</kw>
<kw name="Input Text" owner="SeleniumLibrary">
<msg time="2025-06-05T12:50:20.514803" level="INFO">Typing text '560047' into text field 'xpath = //input[@name='pinCode']'.</msg>
<arg>${pincode_required}</arg>
<arg>${PINCODE}</arg>
<doc>Types the given ``text`` into the text field identified by ``locator``.</doc>
<status status="PASS" start="2025-06-05T12:50:20.513904" elapsed="0.173218"/>
</kw>
<kw name="Sleep" owner="BuiltIn">
<msg time="2025-06-05T12:50:25.689959" level="INFO">Slept 5 seconds.</msg>
<arg>5s</arg>
<doc>Pauses the test executed for the given time.</doc>
<status status="PASS" start="2025-06-05T12:50:20.687252" elapsed="5.003102"/>
</kw>
<kw name="Input Text" owner="SeleniumLibrary">
<msg time="2025-06-05T12:50:25.691366" level="INFO">Typing text 'Jar, Test, Address' into text field 'xpath = //textarea[@name='mainAddress']'.</msg>
<arg>${add_user_address}</arg>
<arg>${ADDRESS}</arg>
<doc>Types the given ``text`` into the text field identified by ``locator``.</doc>
<status status="PASS" start="2025-06-05T12:50:25.690926" elapsed="0.086729"/>
</kw>
<kw name="Sleep" owner="BuiltIn">
<msg time="2025-06-05T12:50:30.780084" level="INFO">Slept 5 seconds.</msg>
<arg>5s</arg>
<doc>Pauses the test executed for the given time.</doc>
<status status="PASS" start="2025-06-05T12:50:25.777808" elapsed="5.013899"/>
</kw>
<kw name="Input Text" owner="SeleniumLibrary">
<msg time="2025-06-05T12:50:30.794143" level="INFO">Typing text 'Guest User' into text field 'xpath = //p[text()='Contact Details']/following::input[@name='name'][1]'.</msg>
<arg>${name_required}</arg>
<arg>${GUEST_NAME}</arg>
<doc>Types the given ``text`` into the text field identified by ``locator``.</doc>
<status status="PASS" start="2025-06-05T12:50:30.793173" elapsed="0.085630"/>
</kw>
<kw name="Sleep" owner="BuiltIn">
<msg time="2025-06-05T12:50:35.880025" level="INFO">Slept 5 seconds.</msg>
<arg>5s</arg>
<doc>Pauses the test executed for the given time.</doc>
<status status="PASS" start="2025-06-05T12:50:30.878954" elapsed="5.001768"/>
</kw>
<kw name="Input Text" owner="SeleniumLibrary">
<msg time="2025-06-05T12:50:35.883206" level="INFO">Typing text '9876543210' into text field 'xpath = //p[text()='Contact Details']/following::input[@name='phone'][1]'.</msg>
<arg>${contact_number}</arg>
<arg>${GUEST_CONTACT_NUMBER}</arg>
<doc>Types the given ``text`` into the text field identified by ``locator``.</doc>
<status status="PASS" start="2025-06-05T12:50:35.881827" elapsed="0.086886"/>
</kw>
<kw name="Sleep" owner="BuiltIn">
<msg time="2025-06-05T12:50:40.970229" level="INFO">Slept 5 seconds.</msg>
<arg>5s</arg>
<doc>Pauses the test executed for the given time.</doc>
<status status="PASS" start="2025-06-05T12:50:35.968895" elapsed="5.001524"/>
</kw>
<kw name="Click Element" owner="SeleniumLibrary">
<msg time="2025-06-05T12:50:40.971236" level="INFO">Clicking element 'xpath = //button[contains(text(), 'Save Address')]'.</msg>
<arg>${save_address_cta}</arg>
<doc>Click the element identified by ``locator``.</doc>
<status status="PASS" start="2025-06-05T12:50:40.970870" elapsed="21.481715"/>
</kw>
<kw name="Sleep" owner="BuiltIn">
<msg time="2025-06-05T12:51:04.456001" level="INFO">Slept 2 seconds.</msg>
<arg>2s</arg>
<doc>Pauses the test executed for the given time.</doc>
<status status="PASS" start="2025-06-05T12:51:02.453557" elapsed="2.003096"/>
</kw>
<status status="PASS" start="2025-06-05T12:50:15.244730" elapsed="49.212494"/>
</kw>
<status status="PASS" start="2025-06-05T12:50:01.759621" elapsed="62.698798"/>
</test>
<test id="s1-t8" name="Order Summary" line="34">
<kw name="Check And Verify Order Summary Elements" owner="checkoutKeywords">
<kw name="Create List" owner="BuiltIn">
<msg time="2025-06-05T12:51:04.463411" level="INFO">@{summary_elements} = [ xpath = //li[contains(@class, 'text-teal-500')]//div[contains(text(), 'Summary')] | xpath = //span[text()='Order Summary'] | xpath = //img[contains(@alt, 'right chevron icon')] ]</msg>
[...]
<status status="PASS" start="2025-06-05T12:51:04.464395" elapsed="0.047839"/>
</iter>
<iter>
<kw name="Run Keyword And Return Status" owner="BuiltIn">
<kw name="Element Should Be Visible" owner="SeleniumLibrary">
<msg time="2025-06-05T12:51:04.522894" level="INFO">Element 'xpath = //span[text()='Order Summary']' is displayed.</msg>
<arg>${element}</arg>
<doc>Verifies that the element identified by ``locator`` is visible.</doc>
<status status="PASS" start="2025-06-05T12:51:04.512492" elapsed="0.010454"/>
</kw>
<msg time="2025-06-05T12:51:04.524766" level="INFO">${status} = True</msg>
<var>${status}</var>
<arg>Element Should Be Visible</arg>
<arg>${element}</arg>
<doc>Runs the given keyword with given arguments and returns the status as a Boolean value.</doc>
<status status="PASS" start="2025-06-05T12:51:04.512390" elapsed="0.012392"/>
</kw>
<kw name="Run Keyword Unless" owner="BuiltIn">
<msg time="2025-06-05T12:51:04.524905" level="WARN">Keyword 'BuiltIn.Run Keyword Unless' is deprecated. </msg>
<arg>${status}</arg>
<arg>Log</arg>
<arg>Element not visible: ${element}</arg>
<arg>WARN</arg>
<doc>*DEPRECATED since RF 5.0. Use Native IF/ELSE or `Run Keyword If` instead.*</doc>
<status status="PASS" start="2025-06-05T12:51:04.524885" elapsed="0.000130"/>
</kw>
<var name="${element}">xpath = //span[text()='Order Summary']</var>
<status status="PASS" start="2025-06-05T12:51:04.512314" elapsed="0.012729"/>
</iter>
<iter>
<kw name="Run Keyword And Return Status" owner="BuiltIn">
<kw name="Element Should Be Visible" owner="SeleniumLibrary">
<msg time="2025-06-05T12:51:04.533777" level="INFO">Element 'xpath = //img[contains(@alt, 'right chevron icon')]' is displayed.</msg>
<arg>${element}</arg>
<doc>Verifies that the element identified by ``locator`` is visible.</doc>
<status status="PASS" start="2025-06-05T12:51:04.525264" elapsed="0.008562"/>
</kw>
<msg time="2025-06-05T12:51:04.533892" level="INFO">${status} = True</msg>
<var>${status}</var>
<arg>Element Should Be Visible</arg>
<arg>${element}</arg>
<doc>Runs the given keyword with given arguments and returns the status as a Boolean value.</doc>
<status status="PASS" start="2025-06-05T12:51:04.525174" elapsed="0.008730"/>
</kw>
<kw name="Run Keyword Unless" owner="BuiltIn">
<msg time="2025-06-05T12:51:04.534019" level="WARN">Keyword 'BuiltIn.Run Keyword Unless' is deprecated. </msg>
<arg>${status}</arg>
<arg>Log</arg>
<arg>Element not visible: ${element}</arg>
<arg>WARN</arg>
<doc>*DEPRECATED since RF 5.0. Use Native IF/ELSE or `Run Keyword If` instead.*</doc>
<status status="PASS" start="2025-06-05T12:51:04.534001" elapsed="0.000124"/>
</kw>
<var name="${element}">xpath = //img[contains(@alt, 'right chevron icon')]</var>
<status status="PASS" start="2025-06-05T12:51:04.525108" elapsed="0.009042"/>
</iter>
<var>${element}</var>
<value>@{elements}</value>
<status status="PASS" start="2025-06-05T12:51:04.464159" elapsed="0.070059"/>
</for>
<arg>@{summary_elements}</arg>
<doc>Loops through a list of elements and verifies each is visible, logging errors.</doc>
<status status="PASS" start="2025-06-05T12:51:04.463855" elapsed="0.070492"/>
</kw>
<kw name="Click Element" owner="SeleniumLibrary">
<msg time="2025-06-05T12:51:04.534580" level="INFO">Clicking element 'xpath = //img[contains(@alt, 'right chevron icon')]'.</msg>
<arg>${deliveryAddressChevron}</arg>
<doc>Click the element identified by ``locator``.</doc>
<status status="PASS" start="2025-06-05T12:51:04.534459" elapsed="0.103595"/>
</kw>
<kw name="Click Element" owner="SeleniumLibrary">
<msg time="2025-06-05T12:51:04.638354" level="INFO">Clicking element 'xpath = //img[@alt='close' and contains(@src, 'close.webp')]'.</msg>
<arg>${crossIcon}</arg>
<doc>Click the element identified by ``locator``.</doc>
<status status="PASS" start="2025-06-05T12:51:04.638208" elapsed="0.108568"/>
</kw>
<kw name="Wait Until Element Is Visible" owner="SeleniumLibrary">
<arg>${crossIcon_cart}</arg>
<arg>timeout=5s</arg>
<doc>Waits until the element ``locator`` is visible.</doc>
<status status="PASS" start="2025-06-05T12:51:04.746941" elapsed="0.010836"/>
</kw>
<kw name="Click Element" owner="SeleniumLibrary">
<msg time="2025-06-05T12:51:04.758056" level="INFO">Clicking element 'xpath = //img[@alt='close']'.</msg>
<arg>${close_address_bottomsheet}</arg>
<doc>Click the element identified by ``locator``.</doc>
<status status="PASS" start="2025-06-05T12:51:04.757924" elapsed="0.098742"/>
</kw>
<kw name="Scroll Until Element Visible" owner="commonKeywords">
<for flavor="IN RANGE">
<iter>
<kw name="Run Keyword And Return Status" owner="BuiltIn">
<kw name="Element Should Be Visible" owner="SeleniumLibrary">
<msg time="2025-06-05T12:51:04.868683" level="INFO">Element 'xpath = //button//img[@alt='down cheveron']' is displayed.</msg>
<arg>${element}</arg>
<doc>Verifies that the element identified by ``locator`` is visible.</doc>
<status status="PASS" start="2025-06-05T12:51:04.857348" elapsed="0.011405"/>
</kw>
<msg time="2025-06-05T12:51:04.868834" level="INFO">${isVisible} = True</msg>
<var>${isVisible}</var>
<arg>Element Should Be Visible</arg>
<arg>${element}</arg>
<doc>Runs the given keyword with given arguments and returns the status as a Boolean value.</doc>
<status status="PASS" start="2025-06-05T12:51:04.857246" elapsed="0.011601"/>
</kw>
<kw name="Run Keyword If" owner="BuiltIn">
<kw name="Exit For Loop" owner="BuiltIn">
<msg time="2025-06-05T12:51:04.869271" level="INFO">Exiting for loop altogether.</msg>
<doc>Stops executing the enclosing FOR loop.</doc>
<status status="PASS" start="2025-06-05T12:51:04.869179" elapsed="0.000134"/>
</kw>
<arg>${isVisible}</arg>
<arg>Exit For Loop</arg>
<doc>Runs the given keyword with the given arguments, if ``condition`` is true.</doc>
<status status="PASS" start="2025-06-05T12:51:04.868973" elapsed="0.000374"/>
</kw>
<kw name="Execute Javascript" owner="SeleniumLibrary">
<arg>window.scrollBy(70, 500)</arg>
<doc>Executes the given JavaScript code with possible arguments.</doc>
<status status="NOT RUN" start="2025-06-05T12:51:04.869429" elapsed="0.000014"/>
</kw>
<kw name="Sleep" owner="BuiltIn">
<arg>0.5s</arg>
<doc>Pauses the test executed for the given time.</doc>
<status status="NOT RUN" start="2025-06-05T12:51:04.869495" elapsed="0.000010"/>
</kw>
<kw name="Log To Console" owner="BuiltIn">
<arg>scrolled for element ${i}</arg>
<doc>Logs the given message to the console.</doc>
<status status="NOT RUN" start="2025-06-05T12:51:04.869556" elapsed="0.000010"/>
</kw>
<var name="${i}">0</var>
<status status="PASS" start="2025-06-05T12:51:04.857158" elapsed="0.012423"/>
</iter>
<var>${i}</var>
<value>15</value>
<status status="PASS" start="2025-06-05T12:51:04.857039" elapsed="0.012617"/>
</for>
<kw name="Wait Until Element Is Visible" owner="SeleniumLibrary">
<arg>${element}</arg>
<doc>Waits until the element ``locator`` is visible.</doc>
<status status="PASS" start="2025-06-05T12:51:04.869785" elapsed="0.012296"/>
</kw>
<kw name="Sleep" owner="BuiltIn">
<msg time="2025-06-05T12:51:07.884698" level="INFO">Slept 3 seconds.</msg>
<arg>3s</arg>
<doc>Pauses the test executed for the given time.</doc>
<status status="PASS" start="2025-06-05T12:51:04.882205" elapsed="3.002945"/>
</kw>
<arg>${priceBreakupChevron}</arg>
<status status="PASS" start="2025-06-05T12:51:04.856862" elapsed="3.028672"/>
</kw>
<kw name="Sleep" owner="BuiltIn">
<msg time="2025-06-05T12:51:12.887913" level="INFO">Slept 5 seconds.</msg>
<arg>5s</arg>
<doc>Pauses the test executed for the given time.</doc>
<status status="PASS" start="2025-06-05T12:51:07.886630" elapsed="5.001696"/>
</kw>
<doc>Validates summary and price breakdown elements.</doc>
<status status="PASS" start="2025-06-05T12:51:04.462423" elapsed="8.426176"/>
</kw>
<status status="PASS" start="2025-06-05T12:51:04.461166" elapsed="8.427989"/>
</test>
<test id="s1-t9" name="Payment Gateway" line="36">
<kw name="Payment flow via Net Banking" owner="paymentGateway">
<kw name="Wait Until Page Does Not Contain" owner="SeleniumLibrary">
<arg>${place_order}</arg>
<arg>timeout=10s</arg>
<doc>Waits until ``text`` disappears from the current page.</doc>
<status status="PASS" start="2025-06-05T12:51:12.890863" elapsed="0.019711"/>
</kw>
<kw name="Click Element" owner="SeleniumLibrary">
<msg time="2025-06-05T12:51:12.911401" level="INFO">Clicking element 'xpath = //button[text()='Place Order']'.</msg>
<arg>${place_order}</arg>
<doc>Click the element identified by ``locator``.</doc>
<status status="PASS" start="2025-06-05T12:51:12.911026" elapsed="0.118451"/>
</kw>
<kw name="Wait Until Element Is Visible" owner="SeleniumLibrary">
<arg>${PG_Header_Amount}</arg>
<arg>timeout=10s</arg>
<doc>Waits until the element ``locator`` is visible.</doc>
<status status="PASS" start="2025-06-05T12:51:13.029673" elapsed="1.848808"/>
</kw>
<kw name="Verify Elements Visible From List" owner="paymentGateway">
<for flavor="IN">
<iter>
<kw name="Wait Until Element Is Visible" owner="SeleniumLibrary">
<arg>${element}</arg>
<arg>timeout=10s</arg>
<doc>Waits until the element ``locator`` is visible.</doc>
<status status="PASS" start="2025-06-05T12:51:14.879213" elapsed="0.008578"/>
</kw>
<var name="${element}">xpath = //span[contains(@class, 'b2bMerchantLogoWrapper')]/img</var>
<status status="PASS" start="2025-06-05T12:51:14.879126" elapsed="0.008709"/>
</iter>
<iter>
<kw name="Wait Until Element Is Visible" owner="SeleniumLibrary">
<arg>${element}</arg>
<arg>timeout=10s</arg>
<doc>Waits until the element ``locator`` is visible.</doc>
<status status="PASS" start="2025-06-05T12:51:14.887983" elapsed="0.008533"/>
</kw>
<var name="${element}">xpath = //label[contains(@class, 'instrument-checked') and @for='upi-apps']</var>
<status status="PASS" start="2025-06-05T12:51:14.887903" elapsed="0.008656"/>
</iter>
<iter>
<kw name="Wait Until Element Is Visible" owner="SeleniumLibrary">
<arg>${element}</arg>
<arg>timeout=10s</arg>
<doc>Waits until the element ``locator`` is visible.</doc>
<status status="PASS" start="2025-06-05T12:51:14.896698" elapsed="0.007799"/>
</kw>
<var name="${element}">xpath = //label[@for='new-vpa' and normalize-space(text())='UPI ID']</var>
<status status="PASS" start="2025-06-05T12:51:14.896624" elapsed="0.007913"/>
</iter>
<iter>
<kw name="Wait Until Element Is Visible" owner="SeleniumLibrary">
<arg>${element}</arg>
<arg>timeout=10s</arg>
<doc>Waits until the element ``locator`` is visible.</doc>
<status status="PASS" start="2025-06-05T12:51:14.904668" elapsed="0.007437"/>
</kw>
<var name="${element}">xpath = //label[@for='net-banking']</var>
<status status="PASS" start="2025-06-05T12:51:14.904598" elapsed="0.007545"/>
</iter>
<var>${element}</var>
<value>@{elements}</value>
<status status="PASS" start="2025-06-05T12:51:14.878915" elapsed="0.033252"/>
</for>
<arg>${PG_bag_Icon}</arg>
<arg>${PG_UPI_AppHeader}</arg>
<arg>${PG_UPI_Id}</arg>
<arg>${PG_NetBanking}</arg>
<status status="PASS" start="2025-06-05T12:51:14.878723" elapsed="0.033484"/>
</kw>
<kw name="Click Element" owner="SeleniumLibrary">
<msg time="2025-06-05T12:51:14.912381" level="INFO">Clicking element 'xpath = //input[@id='net-banking']'.</msg>
<arg>${PG_NetBanking_RadioButton}</arg>
<doc>Click the element identified by ``locator``.</doc>
<status status="PASS" start="2025-06-05T12:51:14.912284" elapsed="0.093478"/>
</kw>
<kw name="Wait Until Element Is Visible" owner="SeleniumLibrary">
<arg>${PG_HDFC_Bank}</arg>
<doc>Waits until the element ``locator`` is visible.</doc>
<status status="PASS" start="2025-06-05T12:51:15.005919" elapsed="0.009229"/>
</kw>
<kw name="Click Element" owner="SeleniumLibrary">
<msg time="2025-06-05T12:51:15.015404" level="INFO">Clicking element 'xpath = //img[contains(@src, 'HDFC.png')]'.</msg>
<arg>${PG_HDFC_Bank}</arg>
<doc>Click the element identified by ``locator``.</doc>
<status status="PASS" start="2025-06-05T12:51:15.015276" elapsed="0.080300"/>
</kw>
<kw name="Click Element" owner="SeleniumLibrary">
<msg time="2025-06-05T12:51:15.095872" level="INFO">Clicking element 'xpath = //button[@id='b2bOnboardingSubmitButton']'.</msg>
<arg>${PG_Pay_Button}</arg>
<doc>Click the element identified by ``locator``.</doc>
<status status="PASS" start="2025-06-05T12:51:15.095729" elapsed="0.093002"/>
</kw>
<kw name="Wait Until Element Is Visible" owner="SeleniumLibrary">
<arg>${PG_Submit_Button}</arg>
<arg>timeout=10s</arg>
<doc>Waits until the element ``locator`` is visible.</doc>
<status status="PASS" start="2025-06-05T12:51:15.188918" elapsed="0.226902"/>
</kw>
<kw name="Click Element" owner="SeleniumLibrary">
<msg time="2025-06-05T12:51:15.416178" level="INFO">Clicking element 'xpath = //input[@type='submit' and contains(@class, 'btn-primary')]'.</msg>
<arg>${PG_Submit_Button}</arg>
<doc>Click the element identified by ``locator``.</doc>
<status status="PASS" start="2025-06-05T12:51:15.416003" elapsed="0.088798"/>
</kw>
<kw name="Wait Until Element Is Visible" owner="SeleniumLibrary">
<arg>${PG_Order_Placed}</arg>
<arg>timeout=15s</arg>
<doc>Waits until the element ``locator`` is visible.</doc>
<status status="PASS" start="2025-06-05T12:51:15.504940" elapsed="6.188870"/>
</kw>
<kw name="Verify Elements Visible From List" owner="paymentGateway">
<for flavor="IN">
<iter>
<kw name="Wait Until Element Is Visible" owner="SeleniumLibrary">
<arg>${element}</arg>
<arg>timeout=10s</arg>
<doc>Waits until the element ``locator`` is visible.</doc>
<status status="PASS" start="2025-06-05T12:51:21.695305" elapsed="0.015201"/>
</kw>
<var name="${element}">xpath = //p[text()='Payment Method']/following-sibling::div//p[contains(text(),'₹')]</var>
<status status="PASS" start="2025-06-05T12:51:21.695118" elapsed="0.015485"/>
</iter>
<iter>
<kw name="Wait Until Element Is Visible" owner="SeleniumLibrary">
<arg>${element}</arg>
<arg>timeout=10s</arg>
<doc>Waits until the element ``locator`` is visible.</doc>
<status status="PASS" start="2025-06-05T12:51:21.711091" elapsed="0.011381"/>
</kw>
<var name="${element}">xpath = //p[text()='Payment Method']</var>
<status status="PASS" start="2025-06-05T12:51:21.710802" elapsed="0.011732"/>
</iter>
<iter>
<kw name="Wait Until Element Is Visible" owner="SeleniumLibrary">
<arg>${element}</arg>
<arg>timeout=10s</arg>
<doc>Waits until the element ``locator`` is visible.</doc>
<status status="PASS" start="2025-06-05T12:51:21.722725" elapsed="0.009186"/>
</kw>
<var name="${element}">xpath = //div[@class='w-full flex justify-between items-center']/p[1]</var>
<status status="PASS" start="2025-06-05T12:51:21.722622" elapsed="0.009336"/>
</iter>
<iter>
<kw name="Wait Until Element Is Visible" owner="SeleniumLibrary">
<arg>${element}</arg>
<arg>timeout=10s</arg>
<doc>Waits until the element ``locator`` is visible.</doc>
<status status="PASS" start="2025-06-05T12:51:21.732116" elapsed="0.008611"/>
</kw>
<var name="${element}">xpath = //h3[text()='Your Order']</var>
<status status="PASS" start="2025-06-05T12:51:21.732030" elapsed="0.008741"/>
</iter>
<iter>
<kw name="Wait Until Element Is Visible" owner="SeleniumLibrary">
<arg>${element}</arg>
<arg>timeout=10s</arg>
<doc>Waits until the element ``locator`` is visible.</doc>
<status status="PASS" start="2025-06-05T12:51:21.740915" elapsed="0.008589"/>
</kw>
<var name="${element}">xpath = //div[@class='flex gap-3 py-3 items-center']//p[text()='Qty: 1']</var>
<status status="PASS" start="2025-06-05T12:51:21.740836" elapsed="0.008737"/>
</iter>
<iter>
<kw name="Wait Until Element Is Visible" owner="SeleniumLibrary">
<msg time="2025-06-05T12:51:31.959639" level="INFO" html="true">&lt;/td&gt;&lt;/tr&gt;&lt;tr&gt;&lt;td colspan="3"&gt;&lt;a href="selenium-screenshot-53.png"&gt;&lt;img src="selenium-screenshot-53.png" width="800px"&gt;&lt;/a&gt;</msg>
<msg time="2025-06-05T12:51:31.959753" level="FAIL">Element 'xpath = //img[contains(@src, 'shopnek.com/assets_new/images/products/')]' not visible after 10 seconds.</msg>
<arg>${element}</arg>
<arg>timeout=10s</arg>
<doc>Waits until the element ``locator`` is visible.</doc>
<status status="FAIL" start="2025-06-05T12:51:21.749749" elapsed="10.210275">Element 'xpath = //img[contains(@src, 'shopnek.com/assets_new/images/products/')]' not visible after 10 seconds.</status>
</kw>
<var name="${element}">xpath = //img[contains(@src, 'shopnek.com/assets_new/images/products/')]</var>
<status status="FAIL" start="2025-06-05T12:51:21.749651" elapsed="10.210438">Element 'xpath = //img[contains(@src, 'shopnek.com/assets_new/images/products/')]' not visible after 10 seconds.</status>
</iter>
<var>${element}</var>
<value>@{elements}</value>
<status status="FAIL" start="2025-06-05T12:51:21.694897" elapsed="10.265230">Element 'xpath = //img[contains(@src, 'shopnek.com/assets_new/images/products/')]' not visible after 10 seconds.</status>
</for>
<arg>${PG_Order_Amount}</arg>
<arg>${PG_post_Payment_Method}</arg>
<arg>${PG_Online_Payment}</arg>
<arg>${PG_Your_order}</arg>
<arg>${PG_Item_qty}</arg>
<arg>${PG_Item_image}</arg>
<arg>${PG_Track_Order}</arg>
<arg>${PG_Delivery_address_header}</arg>
<arg>${PG_Delivery_address_Name}</arg>
<arg>${PG_Delivery_address_Phone}</arg>
<status status="FAIL" start="2025-06-05T12:51:21.694366" elapsed="10.265819">Element 'xpath = //img[contains(@src, 'shopnek.com/assets_new/images/products/')]' not visible after 10 seconds.</status>
</kw>
<kw name="Click Element" owner="SeleniumLibrary">
<arg>${PG_Track_Order}</arg>
<doc>Click the element identified by ``locator``.</doc>
<status status="NOT RUN" start="2025-06-05T12:51:31.960589" elapsed="0.000017"/>
</kw>
<status status="FAIL" start="2025-06-05T12:51:12.890540" elapsed="19.070103">Element 'xpath = //img[contains(@src, 'shopnek.com/assets_new/images/products/')]' not visible after 10 seconds.</status>
</kw>
<status status="FAIL" start="2025-06-05T12:51:12.889940" elapsed="19.070890">Element 'xpath = //img[contains(@src, 'shopnek.com/assets_new/images/products/')]' not visible after 10 seconds.</status>
</test>
<status status="FAIL" start="2025-06-05T12:47:59.085055" elapsed="212.876078"/>
</suite>
<statistics>
<total>
<stat pass="6" fail="3" skip="0">All Tests</stat>
</total>
<tag>
</tag>
<suite>
<stat name="loginTest" id="s1" pass="6" fail="3" skip="0">loginTest</stat>
</suite>
</statistics>
<errors>
<msg time="2025-06-05T12:49:40.894915" level="WARN">Keyword 'BuiltIn.Run Keyword Unless' is deprecated. </msg>
<msg time="2025-06-05T12:49:40.895318" level="WARN">Element not visible: xpath = //button[text()='See all coupons']</msg>
<msg time="2025-06-05T12:49:40.904177" level="WARN">Keyword 'BuiltIn.Run Keyword Unless' is deprecated. </msg>
<msg time="2025-06-05T12:49:40.912655" level="WARN">Keyword 'BuiltIn.Run Keyword Unless' is deprecated. </msg>
<msg time="2025-06-05T12:49:40.921571" level="WARN">Keyword 'BuiltIn.Run Keyword Unless' is deprecated. </msg>
<msg time="2025-06-05T12:49:40.929954" level="WARN">Keyword 'BuiltIn.Run Keyword Unless' is deprecated. </msg>
<msg time="2025-06-05T12:49:40.938179" level="WARN">Keyword 'BuiltIn.Run Keyword Unless' is deprecated. </msg>
<msg time="2025-06-05T12:49:40.946366" level="WARN">Keyword 'BuiltIn.Run Keyword Unless' is deprecated. </msg>
<msg time="2025-06-05T12:49:40.955048" level="WARN">Keyword 'BuiltIn.Run Keyword Unless' is deprecated. </msg>
<msg time="2025-06-05T12:49:40.963593" level="WARN">Keyword 'BuiltIn.Run Keyword Unless' is deprecated. </msg>
<msg time="2025-06-05T12:49:40.971653" level="WARN">Keyword 'BuiltIn.Run Keyword Unless' is deprecated. </msg>
<msg time="2025-06-05T12:49:40.979896" level="WARN">Keyword 'BuiltIn.Run Keyword Unless' is deprecated. </msg>
<msg time="2025-06-05T12:51:04.512045" level="WARN">Keyword 'BuiltIn.Run Keyword Unless' is deprecated. </msg>
<msg time="2025-06-05T12:51:04.524905" level="WARN">Keyword 'BuiltIn.Run Keyword Unless' is deprecated. </msg>
<msg time="2025-06-05T12:51:04.534019" level="WARN">Keyword 'BuiltIn.Run Keyword Unless' is deprecated. </msg>
</errors>
</robot>
